[1.036s] DEBUG:colcon:Command line arguments: ['/usr/bin/colcon', 'build']
[1.037s] DEBUG:colcon:Parsed command line arguments: Namespace(allow_overriding=[], ament_cmake_args=None, base_paths=['.'], build_base='build', catkin_cmake_args=None, catkin_skip_building_tests=False, cmake_args=None, cmake_clean_cache=False, cmake_clean_first=False, cmake_force_configure=False, cmake_target=None, cmake_target_skip_unavailable=False, continue_on_error=False, event_handlers=None, executor='parallel', ignore_user_meta=False, install_base='install', log_base=None, log_level=None, main=<bound method BuildVerb.main of <colcon_core.verb.build.BuildVerb object at 0x7f897da63610>>, merge_install=False, metas=['./colcon.meta'], packages_above=None, packages_above_and_dependencies=None, packages_above_depth=None, packages_end=None, packages_ignore=None, packages_ignore_regex=None, packages_select=None, packages_select_build_failed=False, packages_select_by_dep=None, packages_select_regex=None, packages_select_test_failures=False, packages_skip=None, packages_skip_build_finished=False, packages_skip_by_dep=None, packages_skip_regex=None, packages_skip_test_passed=False, packages_skip_up_to=None, packages_start=None, packages_up_to=None, packages_up_to_regex=None, parallel_workers=8, paths=None, symlink_install=False, test_result_base=None, verb_extension=<colcon_core.verb.build.BuildVerb object at 0x7f897da63610>, verb_name='build', verb_parser=<colcon_defaults.argument_parser.defaults.DefaultArgumentsDecorator object at 0x7f897da63b50>)
[1.156s] Level 1:colcon.colcon_core.package_discovery:discover_packages(colcon_meta) check parameters
[1.156s] Level 1:colcon.colcon_core.package_discovery:discover_packages(recursive) check parameters
[1.157s] Level 1:colcon.colcon_core.package_discovery:discover_packages(ignore) check parameters
[1.157s] Level 1:colcon.colcon_core.package_discovery:discover_packages(path) check parameters
[1.157s] Level 1:colcon.colcon_core.package_discovery:discover_packages(colcon_meta) discover
[1.157s] Level 1:colcon.colcon_core.package_discovery:discover_packages(recursive) discover
[1.157s] INFO:colcon.colcon_core.package_discovery:Crawling recursively for packages in '/home/lrs-ubuntu/LRS/ros2_ws_group_10/src'
[1.157s] Level 1:colcon.colcon_core.package_identification:_identify(.) by extensions ['ignore', 'ignore_ament_install']
[1.157s] Level 1:colcon.colcon_core.package_identification:_identify(.) by extension 'ignore'
[1.157s] Level 1:colcon.colcon_core.package_identification:_identify(.) by extension 'ignore_ament_install'
[1.157s] Level 1:colcon.colcon_core.package_identification:_identify(.) by extensions ['colcon_pkg']
[1.157s] Level 1:colcon.colcon_core.package_identification:_identify(.) by extension 'colcon_pkg'
[1.157s] Level 1:colcon.colcon_core.package_identification:_identify(.) by extensions ['colcon_meta']
[1.157s] Level 1:colcon.colcon_core.package_identification:_identify(.) by extension 'colcon_meta'
[1.157s] Level 1:colcon.colcon_core.package_identification:_identify(.) by extensions ['ros']
[1.157s] Level 1:colcon.colcon_core.package_identification:_identify(.) by extension 'ros'
[1.258s] Level 1:colcon.colcon_core.package_identification:_identify(.) by extensions ['cmake', 'python']
[1.258s] Level 1:colcon.colcon_core.package_identification:_identify(.) by extension 'cmake'
[1.258s] Level 1:colcon.colcon_core.package_identification:_identify(.) by extension 'python'
[1.258s] Level 1:colcon.colcon_core.package_identification:_identify(.) by extensions ['python_setup_py']
[1.258s] Level 1:colcon.colcon_core.package_identification:_identify(.) by extension 'python_setup_py'
[1.258s] Level 1:colcon.colcon_core.package_identification:_identify(build) by extensions ['ignore', 'ignore_ament_install']
[1.258s] Level 1:colcon.colcon_core.package_identification:_identify(build) by extension 'ignore'
[1.258s] Level 1:colcon.colcon_core.package_identification:_identify(build) ignored
[1.259s] Level 1:colcon.colcon_core.package_identification:_identify(install) by extensions ['ignore', 'ignore_ament_install']
[1.259s] Level 1:colcon.colcon_core.package_identification:_identify(install) by extension 'ignore'
[1.259s] Level 1:colcon.colcon_core.package_identification:_identify(install) ignored
[1.259s] Level 1:colcon.colcon_core.package_identification:_identify(log) by extensions ['ignore', 'ignore_ament_install']
[1.260s] Level 1:colcon.colcon_core.package_identification:_identify(log) by extension 'ignore'
[1.260s] Level 1:colcon.colcon_core.package_identification:_identify(log) ignored
[1.260s] Level 1:colcon.colcon_core.package_identification:_identify(template_drone_control) by extensions ['ignore', 'ignore_ament_install']
[1.260s] Level 1:colcon.colcon_core.package_identification:_identify(template_drone_control) by extension 'ignore'
[1.260s] Level 1:colcon.colcon_core.package_identification:_identify(template_drone_control) by extension 'ignore_ament_install'
[1.260s] Level 1:colcon.colcon_core.package_identification:_identify(template_drone_control) by extensions ['colcon_pkg']
[1.260s] Level 1:colcon.colcon_core.package_identification:_identify(template_drone_control) by extension 'colcon_pkg'
[1.261s] Level 1:colcon.colcon_core.package_identification:_identify(template_drone_control) by extensions ['colcon_meta']
[1.261s] Level 1:colcon.colcon_core.package_identification:_identify(template_drone_control) by extension 'colcon_meta'
[1.262s] Level 1:colcon.colcon_core.package_identification:_identify(template_drone_control) by extensions ['ros']
[1.262s] Level 1:colcon.colcon_core.package_identification:_identify(template_drone_control) by extension 'ros'
[1.274s] DEBUG:colcon.colcon_core.package_identification:Package 'template_drone_control' with type 'ros.ament_cmake' and name 'template_drone_control'
[1.274s] Level 1:colcon.colcon_core.package_discovery:discover_packages(recursive) using defaults
[1.275s] Level 1:colcon.colcon_core.package_discovery:discover_packages(ignore) discover
[1.275s] Level 1:colcon.colcon_core.package_discovery:discover_packages(ignore) using defaults
[1.275s] Level 1:colcon.colcon_core.package_discovery:discover_packages(path) discover
[1.275s] Level 1:colcon.colcon_core.package_discovery:discover_packages(path) using defaults
[1.372s] Level 1:colcon.colcon_core.package_discovery:discover_packages(prefix_path) check parameters
[1.372s] Level 1:colcon.colcon_core.package_discovery:discover_packages(prefix_path) discover
[1.378s] DEBUG:colcon.colcon_installed_package_information.package_discovery:Found 1 installed packages in /home/lrs-ubuntu/LRS/ros2_ws_group_10/src/install
[1.386s] DEBUG:colcon.colcon_installed_package_information.package_discovery:Found 174 installed packages in /opt/ros/foxy
[1.394s] Level 1:colcon.colcon_core.package_discovery:discover_packages(prefix_path) using defaults
[1.535s] Level 5:colcon.colcon_core.verb:set package 'template_drone_control' build argument 'cmake_args' from command line to 'None'
[1.535s] Level 5:colcon.colcon_core.verb:set package 'template_drone_control' build argument 'cmake_target' from command line to 'None'
[1.535s] Level 5:colcon.colcon_core.verb:set package 'template_drone_control' build argument 'cmake_target_skip_unavailable' from command line to 'False'
[1.535s] Level 5:colcon.colcon_core.verb:set package 'template_drone_control' build argument 'cmake_clean_cache' from command line to 'False'
[1.535s] Level 5:colcon.colcon_core.verb:set package 'template_drone_control' build argument 'cmake_clean_first' from command line to 'False'
[1.535s] Level 5:colcon.colcon_core.verb:set package 'template_drone_control' build argument 'cmake_force_configure' from command line to 'False'
[1.535s] Level 5:colcon.colcon_core.verb:set package 'template_drone_control' build argument 'ament_cmake_args' from command line to 'None'
[1.535s] Level 5:colcon.colcon_core.verb:set package 'template_drone_control' build argument 'catkin_cmake_args' from command line to 'None'
[1.535s] Level 5:colcon.colcon_core.verb:set package 'template_drone_control' build argument 'catkin_skip_building_tests' from command line to 'False'
[1.535s] DEBUG:colcon.colcon_core.verb:Building package 'template_drone_control' with the following arguments: {'ament_cmake_args': None, 'build_base': '/home/lrs-ubuntu/LRS/ros2_ws_group_10/src/build/template_drone_control', 'catkin_cmake_args': None, 'catkin_skip_building_tests': False, 'cmake_args': None, 'cmake_clean_cache': False, 'cmake_clean_first': False, 'cmake_force_configure': False, 'cmake_target': None, 'cmake_target_skip_unavailable': False, 'install_base': '/home/lrs-ubuntu/LRS/ros2_ws_group_10/src/install/template_drone_control', 'merge_install': False, 'path': '/home/lrs-ubuntu/LRS/ros2_ws_group_10/src/template_drone_control', 'symlink_install': False, 'test_result_base': None}
[1.536s] INFO:colcon.colcon_core.executor:Executing jobs using 'parallel' executor
[1.549s] DEBUG:colcon.colcon_parallel_executor.executor.parallel:run_until_complete
[1.550s] INFO:colcon.colcon_ros.task.ament_cmake.build:Building ROS package in '/home/lrs-ubuntu/LRS/ros2_ws_group_10/src/template_drone_control' with build type 'ament_cmake'
[1.551s] INFO:colcon.colcon_cmake.task.cmake.build:Building CMake package in '/home/lrs-ubuntu/LRS/ros2_ws_group_10/src/template_drone_control'
[1.561s] INFO:colcon.colcon_core.plugin_system:Skipping extension 'colcon_core.shell.bat': Not used on non-Windows systems
[1.562s] INFO:colcon.colcon_core.shell:Skip shell extension 'powershell' for command environment: Not usable outside of PowerShell
[1.563s] DEBUG:colcon.colcon_core.shell:Skip shell extension 'dsv' for command environment
[1.691s] DEBUG:colcon.colcon_core.event_handler.log_command:Invoking command in '/home/lrs-ubuntu/LRS/ros2_ws_group_10/src/build/template_drone_control': CMAKE_PREFIX_PATH=${CMAKE_PREFIX_PATH}:/opt/ros/foxy /usr/bin/cmake --build /home/lrs-ubuntu/LRS/ros2_ws_group_10/src/build/template_drone_control -- -j8 -l8
[3.792s] DEBUG:colcon.colcon_core.event_handler.log_command:Invoked command in '/home/lrs-ubuntu/LRS/ros2_ws_group_10/src/build/template_drone_control' returned '0': CMAKE_PREFIX_PATH=${CMAKE_PREFIX_PATH}:/opt/ros/foxy /usr/bin/cmake --build /home/lrs-ubuntu/LRS/ros2_ws_group_10/src/build/template_drone_control -- -j8 -l8
[3.908s] DEBUG:colcon.colcon_core.event_handler.log_command:Invoking command in '/home/lrs-ubuntu/LRS/ros2_ws_group_10/src/build/template_drone_control': CMAKE_PREFIX_PATH=${CMAKE_PREFIX_PATH}:/opt/ros/foxy /usr/bin/cmake --install /home/lrs-ubuntu/LRS/ros2_ws_group_10/src/build/template_drone_control
[3.954s] Level 1:colcon.colcon_core.environment:create_environment_scripts_only(template_drone_control)
[3.956s] DEBUG:colcon.colcon_core.event_handler.log_command:Invoked command in '/home/lrs-ubuntu/LRS/ros2_ws_group_10/src/build/template_drone_control' returned '0': CMAKE_PREFIX_PATH=${CMAKE_PREFIX_PATH}:/opt/ros/foxy /usr/bin/cmake --install /home/lrs-ubuntu/LRS/ros2_ws_group_10/src/build/template_drone_control
[3.974s] Level 1:colcon.colcon_core.environment:checking '/home/lrs-ubuntu/LRS/ros2_ws_group_10/src/install/template_drone_control' for CMake module files
[3.974s] Level 1:colcon.colcon_core.environment:checking '/home/lrs-ubuntu/LRS/ros2_ws_group_10/src/install/template_drone_control' for CMake config files
[3.975s] Level 1:colcon.colcon_core.shell:create_environment_hook('template_drone_control', 'cmake_prefix_path')
[3.977s] INFO:colcon.colcon_core.shell:Creating environment hook '/home/lrs-ubuntu/LRS/ros2_ws_group_10/src/install/template_drone_control/share/template_drone_control/hook/cmake_prefix_path.ps1'
[3.984s] INFO:colcon.colcon_core.shell:Creating environment descriptor '/home/lrs-ubuntu/LRS/ros2_ws_group_10/src/install/template_drone_control/share/template_drone_control/hook/cmake_prefix_path.dsv'
[3.994s] INFO:colcon.colcon_core.shell:Creating environment hook '/home/lrs-ubuntu/LRS/ros2_ws_group_10/src/install/template_drone_control/share/template_drone_control/hook/cmake_prefix_path.sh'
[4.008s] Level 1:colcon.colcon_core.environment:checking '/home/lrs-ubuntu/LRS/ros2_ws_group_10/src/install/template_drone_control/lib'
[4.009s] Level 1:colcon.colcon_core.environment:checking '/home/lrs-ubuntu/LRS/ros2_ws_group_10/src/install/template_drone_control/bin'
[4.009s] Level 1:colcon.colcon_core.environment:checking '/home/lrs-ubuntu/LRS/ros2_ws_group_10/src/install/template_drone_control/lib/pkgconfig/template_drone_control.pc'
[4.010s] Level 1:colcon.colcon_core.environment:checking '/home/lrs-ubuntu/LRS/ros2_ws_group_10/src/install/template_drone_control/lib/python3.8/site-packages'
[4.011s] Level 1:colcon.colcon_core.environment:checking '/home/lrs-ubuntu/LRS/ros2_ws_group_10/src/install/template_drone_control/bin'
[4.014s] INFO:colcon.colcon_core.shell:Creating package script '/home/lrs-ubuntu/LRS/ros2_ws_group_10/src/install/template_drone_control/share/template_drone_control/package.ps1'
[4.016s] INFO:colcon.colcon_core.shell:Creating package descriptor '/home/lrs-ubuntu/LRS/ros2_ws_group_10/src/install/template_drone_control/share/template_drone_control/package.dsv'
[4.058s] INFO:colcon.colcon_core.shell:Creating package script '/home/lrs-ubuntu/LRS/ros2_ws_group_10/src/install/template_drone_control/share/template_drone_control/package.sh'
[4.064s] INFO:colcon.colcon_core.shell:Creating package script '/home/lrs-ubuntu/LRS/ros2_ws_group_10/src/install/template_drone_control/share/template_drone_control/package.bash'
[4.067s] INFO:colcon.colcon_core.shell:Creating package script '/home/lrs-ubuntu/LRS/ros2_ws_group_10/src/install/template_drone_control/share/template_drone_control/package.zsh'
[4.069s] Level 1:colcon.colcon_core.environment:create_file_with_runtime_dependencies(/home/lrs-ubuntu/LRS/ros2_ws_group_10/src/install/template_drone_control/share/colcon-core/packages/template_drone_control)
[4.139s] Level 1:colcon.colcon_core.environment:create_environment_scripts_only(template_drone_control)
[4.149s] Level 1:colcon.colcon_core.environment:checking '/home/lrs-ubuntu/LRS/ros2_ws_group_10/src/install/template_drone_control' for CMake module files
[4.150s] Level 1:colcon.colcon_core.environment:checking '/home/lrs-ubuntu/LRS/ros2_ws_group_10/src/install/template_drone_control' for CMake config files
[4.151s] Level 1:colcon.colcon_core.shell:create_environment_hook('template_drone_control', 'cmake_prefix_path')
[4.155s] INFO:colcon.colcon_core.shell:Creating environment hook '/home/lrs-ubuntu/LRS/ros2_ws_group_10/src/install/template_drone_control/share/template_drone_control/hook/cmake_prefix_path.ps1'
[4.156s] INFO:colcon.colcon_core.shell:Creating environment descriptor '/home/lrs-ubuntu/LRS/ros2_ws_group_10/src/install/template_drone_control/share/template_drone_control/hook/cmake_prefix_path.dsv'
[4.191s] INFO:colcon.colcon_core.shell:Creating environment hook '/home/lrs-ubuntu/LRS/ros2_ws_group_10/src/install/template_drone_control/share/template_drone_control/hook/cmake_prefix_path.sh'
[4.193s] Level 1:colcon.colcon_core.environment:checking '/home/lrs-ubuntu/LRS/ros2_ws_group_10/src/install/template_drone_control/lib'
[4.193s] Level 1:colcon.colcon_core.environment:checking '/home/lrs-ubuntu/LRS/ros2_ws_group_10/src/install/template_drone_control/bin'
[4.193s] Level 1:colcon.colcon_core.environment:checking '/home/lrs-ubuntu/LRS/ros2_ws_group_10/src/install/template_drone_control/lib/pkgconfig/template_drone_control.pc'
[4.194s] Level 1:colcon.colcon_core.environment:checking '/home/lrs-ubuntu/LRS/ros2_ws_group_10/src/install/template_drone_control/lib/python3.8/site-packages'
[4.194s] Level 1:colcon.colcon_core.environment:checking '/home/lrs-ubuntu/LRS/ros2_ws_group_10/src/install/template_drone_control/bin'
[4.196s] INFO:colcon.colcon_core.shell:Creating package script '/home/lrs-ubuntu/LRS/ros2_ws_group_10/src/install/template_drone_control/share/template_drone_control/package.ps1'
[4.200s] INFO:colcon.colcon_core.shell:Creating package descriptor '/home/lrs-ubuntu/LRS/ros2_ws_group_10/src/install/template_drone_control/share/template_drone_control/package.dsv'
[4.205s] INFO:colcon.colcon_core.shell:Creating package script '/home/lrs-ubuntu/LRS/ros2_ws_group_10/src/install/template_drone_control/share/template_drone_control/package.sh'
[4.246s] INFO:colcon.colcon_core.shell:Creating package script '/home/lrs-ubuntu/LRS/ros2_ws_group_10/src/install/template_drone_control/share/template_drone_control/package.bash'
[4.249s] INFO:colcon.colcon_core.shell:Creating package script '/home/lrs-ubuntu/LRS/ros2_ws_group_10/src/install/template_drone_control/share/template_drone_control/package.zsh'
[4.250s] Level 1:colcon.colcon_core.environment:create_file_with_runtime_dependencies(/home/lrs-ubuntu/LRS/ros2_ws_group_10/src/install/template_drone_control/share/colcon-core/packages/template_drone_control)
[4.251s] DEBUG:colcon.colcon_parallel_executor.executor.parallel:closing loop
[4.252s] DEBUG:colcon.colcon_parallel_executor.executor.parallel:loop closed
[4.252s] DEBUG:colcon.colcon_parallel_executor.executor.parallel:run_until_complete finished with '0'
[4.252s] DEBUG:colcon.colcon_core.event_reactor:joining thread
[4.294s] INFO:colcon.colcon_core.plugin_system:Skipping extension 'colcon_notification.desktop_notification.terminal_notifier': Not used on non-Darwin systems
[4.294s] INFO:colcon.colcon_core.plugin_system:Skipping extension 'colcon_notification.desktop_notification.win32': Not used on non-Windows systems
[4.294s] INFO:colcon.colcon_notification.desktop_notification:Sending desktop notification using 'notify2'
[4.351s] DEBUG:colcon.colcon_core.event_reactor:joined thread
[4.352s] INFO:colcon.colcon_core.shell:Creating prefix script '/home/lrs-ubuntu/LRS/ros2_ws_group_10/src/install/local_setup.ps1'
[4.354s] INFO:colcon.colcon_core.shell:Creating prefix util module '/home/lrs-ubuntu/LRS/ros2_ws_group_10/src/install/_local_setup_util_ps1.py'
[4.394s] INFO:colcon.colcon_core.shell:Creating prefix chain script '/home/lrs-ubuntu/LRS/ros2_ws_group_10/src/install/setup.ps1'
[4.402s] INFO:colcon.colcon_core.shell:Creating prefix script '/home/lrs-ubuntu/LRS/ros2_ws_group_10/src/install/local_setup.sh'
[4.405s] INFO:colcon.colcon_core.shell:Creating prefix util module '/home/lrs-ubuntu/LRS/ros2_ws_group_10/src/install/_local_setup_util_sh.py'
[4.408s] INFO:colcon.colcon_core.shell:Creating prefix chain script '/home/lrs-ubuntu/LRS/ros2_ws_group_10/src/install/setup.sh'
[4.412s] INFO:colcon.colcon_core.shell:Creating prefix script '/home/lrs-ubuntu/LRS/ros2_ws_group_10/src/install/local_setup.bash'
[4.413s] INFO:colcon.colcon_core.shell:Creating prefix chain script '/home/lrs-ubuntu/LRS/ros2_ws_group_10/src/install/setup.bash'
[4.422s] INFO:colcon.colcon_core.shell:Creating prefix script '/home/lrs-ubuntu/LRS/ros2_ws_group_10/src/install/local_setup.zsh'
[4.532s] INFO:colcon.colcon_core.shell:Creating prefix chain script '/home/lrs-ubuntu/LRS/ros2_ws_group_10/src/install/setup.zsh'
