[0.096s] Invoking command in '/home/lrs-ubuntu/LRS/ros2_ws_group_10/build/template_drone_control': CMAKE_PREFIX_PATH=${CMAKE_PREFIX_PATH}:/opt/ros/foxy /usr/bin/cmake --build /home/lrs-ubuntu/LRS/ros2_ws_group_10/build/template_drone_control -- -j8 -l8
[0.289s] [35m[1mScanning dependencies of target template_drone_control_node[0m
[0.384s] [ 50%] [32mBuilding CXX object CMakeFiles/template_drone_control_node.dir/src/template_drone_control_node.cpp.o[0m
[27.602s] /home/lrs-ubuntu/LRS/ros2_ws_group_10/src/template_drone_control/src/template_drone_control_node.cpp:74:9: warning: multi-line comment [-Wcomment]
[27.602s]    74 |         // TODO: Arm and Take Off\
[27.602s]       |         ^
[27.603s] /home/lrs-ubuntu/LRS/ros2_ws_group_10/src/template_drone_control/src/template_drone_control_node.cpp: In member function ‘void TemplateDroneControl::publish(geometry_msgs::msg::PoseStamped)’:
[27.603s] /home/lrs-ubuntu/LRS/ros2_ws_group_10/src/template_drone_control/src/template_drone_control_node.cpp:227:56: warning: unused parameter ‘setpoint_to_send’ [-Wunused-parameter]
[27.603s]   227 |     void publish(const geometry_msgs::msg::PoseStamped setpoint_to_send)
[27.603s]       |                  ~~~~~~~~~~~~~~~~~~~~~~~~~~~~~~~~~~~~~~^~~~~~~~~~~~~~~~
[27.603s] /home/lrs-ubuntu/LRS/ros2_ws_group_10/src/template_drone_control/src/template_drone_control_node.cpp: In member function ‘void TemplateDroneControl::local_pos_cb(geometry_msgs::msg::PoseStamped_<std::allocator<void> >::SharedPtr)’:
[27.604s] /home/lrs-ubuntu/LRS/ros2_ws_group_10/src/template_drone_control/src/template_drone_control_node.cpp:246:43: warning: statement has no effect [-Wunused-value]
[27.604s]   246 |         currrent_local_pos_.pose.position.x;
[27.604s]       |         ~~~~~~~~~~~~~~~~~~~~~~~~~~~~~~~~~~^
[27.604s] /home/lrs-ubuntu/LRS/ros2_ws_group_10/src/template_drone_control/src/template_drone_control_node.cpp:247:43: warning: statement has no effect [-Wunused-value]
[27.604s]   247 |         currrent_local_pos_.pose.position.y;
[27.604s]       |         ~~~~~~~~~~~~~~~~~~~~~~~~~~~~~~~~~~^
[27.604s] /home/lrs-ubuntu/LRS/ros2_ws_group_10/src/template_drone_control/src/template_drone_control_node.cpp:248:43: warning: statement has no effect [-Wunused-value]
[27.604s]   248 |         currrent_local_pos_.pose.position.z;
[27.604s]       |         ~~~~~~~~~~~~~~~~~~~~~~~~~~~~~~~~~~^
[27.657s] [100%] [32m[1mLinking CXX executable template_drone_control_node[0m
[29.920s] [100%] Built target template_drone_control_node
[29.950s] Invoked command in '/home/lrs-ubuntu/LRS/ros2_ws_group_10/build/template_drone_control' returned '0': CMAKE_PREFIX_PATH=${CMAKE_PREFIX_PATH}:/opt/ros/foxy /usr/bin/cmake --build /home/lrs-ubuntu/LRS/ros2_ws_group_10/build/template_drone_control -- -j8 -l8
[30.050s] Invoking command in '/home/lrs-ubuntu/LRS/ros2_ws_group_10/build/template_drone_control': CMAKE_PREFIX_PATH=${CMAKE_PREFIX_PATH}:/opt/ros/foxy /usr/bin/cmake --install /home/lrs-ubuntu/LRS/ros2_ws_group_10/build/template_drone_control
[30.096s] -- Install configuration: ""
[30.097s] -- Installing: /home/lrs-ubuntu/LRS/ros2_ws_group_10/install/template_drone_control/lib/template_drone_control/template_drone_control_node
[30.102s] -- Set runtime path of "/home/lrs-ubuntu/LRS/ros2_ws_group_10/install/template_drone_control/lib/template_drone_control/template_drone_control_node" to ""
[30.103s] -- Up-to-date: /home/lrs-ubuntu/LRS/ros2_ws_group_10/install/template_drone_control/share/ament_index/resource_index/package_run_dependencies/template_drone_control
[30.103s] -- Up-to-date: /home/lrs-ubuntu/LRS/ros2_ws_group_10/install/template_drone_control/share/ament_index/resource_index/parent_prefix_path/template_drone_control
[30.103s] -- Up-to-date: /home/lrs-ubuntu/LRS/ros2_ws_group_10/install/template_drone_control/share/template_drone_control/environment/ament_prefix_path.sh
[30.105s] -- Up-to-date: /home/lrs-ubuntu/LRS/ros2_ws_group_10/install/template_drone_control/share/template_drone_control/environment/ament_prefix_path.dsv
[30.106s] -- Up-to-date: /home/lrs-ubuntu/LRS/ros2_ws_group_10/install/template_drone_control/share/template_drone_control/environment/path.sh
[30.106s] -- Up-to-date: /home/lrs-ubuntu/LRS/ros2_ws_group_10/install/template_drone_control/share/template_drone_control/environment/path.dsv
[30.107s] -- Up-to-date: /home/lrs-ubuntu/LRS/ros2_ws_group_10/install/template_drone_control/share/template_drone_control/local_setup.bash
[30.107s] -- Up-to-date: /home/lrs-ubuntu/LRS/ros2_ws_group_10/install/template_drone_control/share/template_drone_control/local_setup.sh
[30.107s] -- Up-to-date: /home/lrs-ubuntu/LRS/ros2_ws_group_10/install/template_drone_control/share/template_drone_control/local_setup.zsh
[30.107s] -- Up-to-date: /home/lrs-ubuntu/LRS/ros2_ws_group_10/install/template_drone_control/share/template_drone_control/local_setup.dsv
[30.107s] -- Installing: /home/lrs-ubuntu/LRS/ros2_ws_group_10/install/template_drone_control/share/template_drone_control/package.dsv
[30.107s] -- Up-to-date: /home/lrs-ubuntu/LRS/ros2_ws_group_10/install/template_drone_control/share/ament_index/resource_index/packages/template_drone_control
[30.108s] -- Up-to-date: /home/lrs-ubuntu/LRS/ros2_ws_group_10/install/template_drone_control/share/template_drone_control/cmake/template_drone_controlConfig.cmake
[30.108s] -- Up-to-date: /home/lrs-ubuntu/LRS/ros2_ws_group_10/install/template_drone_control/share/template_drone_control/cmake/template_drone_controlConfig-version.cmake
[30.108s] -- Up-to-date: /home/lrs-ubuntu/LRS/ros2_ws_group_10/install/template_drone_control/share/template_drone_control/package.xml
[30.115s] Invoked command in '/home/lrs-ubuntu/LRS/ros2_ws_group_10/build/template_drone_control' returned '0': CMAKE_PREFIX_PATH=${CMAKE_PREFIX_PATH}:/opt/ros/foxy /usr/bin/cmake --install /home/lrs-ubuntu/LRS/ros2_ws_group_10/build/template_drone_control
