[0.094s] Invoking command in '/home/lrs-ubuntu/LRS/ros2_ws_group_10/src/build/template_drone_control': CMAKE_PREFIX_PATH=${CMAKE_PREFIX_PATH}:/opt/ros/foxy /usr/bin/cmake --build /home/lrs-ubuntu/LRS/ros2_ws_group_10/src/build/template_drone_control -- -j8 -l8
[0.230s] [35m[1mScanning dependencies of target template_drone_control_node[0m
[0.329s] [ 50%] [32mBuilding CXX object CMakeFiles/template_drone_control_node.dir/src/template_drone_control_node.cpp.o[0m
[28.146s] /home/lrs-ubuntu/LRS/ros2_ws_group_10/src/template_drone_control/src/template_drone_control_node.cpp:71:9: warning: multi-line comment [-Wcomment]
[28.147s]    71 |         // TODO: Arm and Take Off\
[28.147s]       |         ^
[28.147s] /home/lrs-ubuntu/LRS/ros2_ws_group_10/src/template_drone_control/src/template_drone_control_node.cpp: In member function ‘void TemplateDroneControl::publish(geometry_msgs::msg::PoseStamped)’:
[28.147s] /home/lrs-ubuntu/LRS/ros2_ws_group_10/src/template_drone_control/src/template_drone_control_node.cpp:142:56: warning: unused parameter ‘setpoint_to_send’ [-Wunused-parameter]
[28.147s]   142 |     void publish(const geometry_msgs::msg::PoseStamped setpoint_to_send)
[28.147s]       |                  ~~~~~~~~~~~~~~~~~~~~~~~~~~~~~~~~~~~~~~^~~~~~~~~~~~~~~~
[28.147s] /home/lrs-ubuntu/LRS/ros2_ws_group_10/src/template_drone_control/src/template_drone_control_node.cpp: In member function ‘void TemplateDroneControl::local_pos_cb(geometry_msgs::msg::PoseStamped_<std::allocator<void> >::SharedPtr)’:
[28.147s] /home/lrs-ubuntu/LRS/ros2_ws_group_10/src/template_drone_control/src/template_drone_control_node.cpp:161:42: warning: statement has no effect [-Wunused-value]
[28.147s]   161 |         current_local_pos_.pose.position.x;
[28.147s]       |         ~~~~~~~~~~~~~~~~~~~~~~~~~~~~~~~~~^
[28.147s] /home/lrs-ubuntu/LRS/ros2_ws_group_10/src/template_drone_control/src/template_drone_control_node.cpp:162:42: warning: statement has no effect [-Wunused-value]
[28.147s]   162 |         current_local_pos_.pose.position.y;
[28.148s]       |         ~~~~~~~~~~~~~~~~~~~~~~~~~~~~~~~~~^
[28.148s] /home/lrs-ubuntu/LRS/ros2_ws_group_10/src/template_drone_control/src/template_drone_control_node.cpp:163:42: warning: statement has no effect [-Wunused-value]
[28.148s]   163 |         current_local_pos_.pose.position.z;
[28.148s]       |         ~~~~~~~~~~~~~~~~~~~~~~~~~~~~~~~~~^
[28.206s] [100%] [32m[1mLinking CXX executable template_drone_control_node[0m
[29.939s] [100%] Built target template_drone_control_node
[29.983s] Invoked command in '/home/lrs-ubuntu/LRS/ros2_ws_group_10/src/build/template_drone_control' returned '0': CMAKE_PREFIX_PATH=${CMAKE_PREFIX_PATH}:/opt/ros/foxy /usr/bin/cmake --build /home/lrs-ubuntu/LRS/ros2_ws_group_10/src/build/template_drone_control -- -j8 -l8
[30.094s] Invoking command in '/home/lrs-ubuntu/LRS/ros2_ws_group_10/src/build/template_drone_control': CMAKE_PREFIX_PATH=${CMAKE_PREFIX_PATH}:/opt/ros/foxy /usr/bin/cmake --install /home/lrs-ubuntu/LRS/ros2_ws_group_10/src/build/template_drone_control
[30.118s] -- Install configuration: ""
[30.119s] -- Installing: /home/lrs-ubuntu/LRS/ros2_ws_group_10/src/install/template_drone_control/lib/template_drone_control/template_drone_control_node
[30.131s] -- Set runtime path of "/home/lrs-ubuntu/LRS/ros2_ws_group_10/src/install/template_drone_control/lib/template_drone_control/template_drone_control_node" to ""
[30.131s] -- Up-to-date: /home/lrs-ubuntu/LRS/ros2_ws_group_10/src/install/template_drone_control/share/ament_index/resource_index/package_run_dependencies/template_drone_control
[30.132s] -- Up-to-date: /home/lrs-ubuntu/LRS/ros2_ws_group_10/src/install/template_drone_control/share/ament_index/resource_index/parent_prefix_path/template_drone_control
[30.132s] -- Up-to-date: /home/lrs-ubuntu/LRS/ros2_ws_group_10/src/install/template_drone_control/share/template_drone_control/environment/ament_prefix_path.sh
[30.133s] -- Up-to-date: /home/lrs-ubuntu/LRS/ros2_ws_group_10/src/install/template_drone_control/share/template_drone_control/environment/ament_prefix_path.dsv
[30.133s] -- Up-to-date: /home/lrs-ubuntu/LRS/ros2_ws_group_10/src/install/template_drone_control/share/template_drone_control/environment/path.sh
[30.133s] -- Up-to-date: /home/lrs-ubuntu/LRS/ros2_ws_group_10/src/install/template_drone_control/share/template_drone_control/environment/path.dsv
[30.133s] -- Up-to-date: /home/lrs-ubuntu/LRS/ros2_ws_group_10/src/install/template_drone_control/share/template_drone_control/local_setup.bash
[30.133s] -- Up-to-date: /home/lrs-ubuntu/LRS/ros2_ws_group_10/src/install/template_drone_control/share/template_drone_control/local_setup.sh
[30.133s] -- Up-to-date: /home/lrs-ubuntu/LRS/ros2_ws_group_10/src/install/template_drone_control/share/template_drone_control/local_setup.zsh
[30.134s] -- Up-to-date: /home/lrs-ubuntu/LRS/ros2_ws_group_10/src/install/template_drone_control/share/template_drone_control/local_setup.dsv
[30.134s] -- Installing: /home/lrs-ubuntu/LRS/ros2_ws_group_10/src/install/template_drone_control/share/template_drone_control/package.dsv
[30.134s] -- Up-to-date: /home/lrs-ubuntu/LRS/ros2_ws_group_10/src/install/template_drone_control/share/ament_index/resource_index/packages/template_drone_control
[30.134s] -- Up-to-date: /home/lrs-ubuntu/LRS/ros2_ws_group_10/src/install/template_drone_control/share/template_drone_control/cmake/template_drone_controlConfig.cmake
[30.134s] -- Up-to-date: /home/lrs-ubuntu/LRS/ros2_ws_group_10/src/install/template_drone_control/share/template_drone_control/cmake/template_drone_controlConfig-version.cmake
[30.135s] -- Up-to-date: /home/lrs-ubuntu/LRS/ros2_ws_group_10/src/install/template_drone_control/share/template_drone_control/package.xml
[30.139s] Invoked command in '/home/lrs-ubuntu/LRS/ros2_ws_group_10/src/build/template_drone_control' returned '0': CMAKE_PREFIX_PATH=${CMAKE_PREFIX_PATH}:/opt/ros/foxy /usr/bin/cmake --install /home/lrs-ubuntu/LRS/ros2_ws_group_10/src/build/template_drone_control
