[0.092s] Invoking command in '/home/lrs-ubuntu/LRS/ros2_ws_group_10/build/template_drone_control': CMAKE_PREFIX_PATH=${CMAKE_PREFIX_PATH}:/opt/ros/foxy /usr/bin/cmake --build /home/lrs-ubuntu/LRS/ros2_ws_group_10/build/template_drone_control -- -j8 -l8
[0.231s] [35m[1mScanning dependencies of target template_drone_control_node[0m
[0.340s] [ 50%] [32mBuilding CXX object CMakeFiles/template_drone_control_node.dir/src/template_drone_control_node.cpp.o[0m
[29.462s] /home/lrs-ubuntu/LRS/ros2_ws_group_10/src/template_drone_control/src/template_drone_control_node.cpp:71:9: warning: multi-line comment [-Wcomment]
[29.462s]    71 |         // TODO: Arm and Take Off\
[29.462s]       |         ^
[29.462s] /home/lrs-ubuntu/LRS/ros2_ws_group_10/src/template_drone_control/src/template_drone_control_node.cpp: In member function ‘void TemplateDroneControl::publish(geometry_msgs::msg::PoseStamped)’:
[29.463s] /home/lrs-ubuntu/LRS/ros2_ws_group_10/src/template_drone_control/src/template_drone_control_node.cpp:162:56: warning: unused parameter ‘setpoint_to_send’ [-Wunused-parameter]
[29.463s]   162 |     void publish(const geometry_msgs::msg::PoseStamped setpoint_to_send)
[29.463s]       |                  ~~~~~~~~~~~~~~~~~~~~~~~~~~~~~~~~~~~~~~^~~~~~~~~~~~~~~~
[29.463s] /home/lrs-ubuntu/LRS/ros2_ws_group_10/src/template_drone_control/src/template_drone_control_node.cpp: In member function ‘void TemplateDroneControl::local_pos_cb(geometry_msgs::msg::PoseStamped_<std::allocator<void> >::SharedPtr)’:
[29.463s] /home/lrs-ubuntu/LRS/ros2_ws_group_10/src/template_drone_control/src/template_drone_control_node.cpp:181:42: warning: statement has no effect [-Wunused-value]
[29.463s]   181 |         current_local_pos_.pose.position.x;
[29.464s]       |         ~~~~~~~~~~~~~~~~~~~~~~~~~~~~~~~~~^
[29.464s] /home/lrs-ubuntu/LRS/ros2_ws_group_10/src/template_drone_control/src/template_drone_control_node.cpp:182:42: warning: statement has no effect [-Wunused-value]
[29.464s]   182 |         current_local_pos_.pose.position.y;
[29.464s]       |         ~~~~~~~~~~~~~~~~~~~~~~~~~~~~~~~~~^
[29.464s] /home/lrs-ubuntu/LRS/ros2_ws_group_10/src/template_drone_control/src/template_drone_control_node.cpp:183:42: warning: statement has no effect [-Wunused-value]
[29.464s]   183 |         current_local_pos_.pose.position.z;
[29.464s]       |         ~~~~~~~~~~~~~~~~~~~~~~~~~~~~~~~~~^
[29.524s] [100%] [32m[1mLinking CXX executable template_drone_control_node[0m
[31.438s] [100%] Built target template_drone_control_node
[31.477s] Invoked command in '/home/lrs-ubuntu/LRS/ros2_ws_group_10/build/template_drone_control' returned '0': CMAKE_PREFIX_PATH=${CMAKE_PREFIX_PATH}:/opt/ros/foxy /usr/bin/cmake --build /home/lrs-ubuntu/LRS/ros2_ws_group_10/build/template_drone_control -- -j8 -l8
[31.591s] Invoking command in '/home/lrs-ubuntu/LRS/ros2_ws_group_10/build/template_drone_control': CMAKE_PREFIX_PATH=${CMAKE_PREFIX_PATH}:/opt/ros/foxy /usr/bin/cmake --install /home/lrs-ubuntu/LRS/ros2_ws_group_10/build/template_drone_control
[31.624s] -- Install configuration: ""
[31.625s] -- Installing: /home/lrs-ubuntu/LRS/ros2_ws_group_10/install/template_drone_control/lib/template_drone_control/template_drone_control_node
[31.637s] -- Set runtime path of "/home/lrs-ubuntu/LRS/ros2_ws_group_10/install/template_drone_control/lib/template_drone_control/template_drone_control_node" to ""
[31.637s] -- Up-to-date: /home/lrs-ubuntu/LRS/ros2_ws_group_10/install/template_drone_control/share/ament_index/resource_index/package_run_dependencies/template_drone_control
[31.638s] -- Up-to-date: /home/lrs-ubuntu/LRS/ros2_ws_group_10/install/template_drone_control/share/ament_index/resource_index/parent_prefix_path/template_drone_control
[31.639s] -- Up-to-date: /home/lrs-ubuntu/LRS/ros2_ws_group_10/install/template_drone_control/share/template_drone_control/environment/ament_prefix_path.sh
[31.639s] -- Up-to-date: /home/lrs-ubuntu/LRS/ros2_ws_group_10/install/template_drone_control/share/template_drone_control/environment/ament_prefix_path.dsv
[31.639s] -- Up-to-date: /home/lrs-ubuntu/LRS/ros2_ws_group_10/install/template_drone_control/share/template_drone_control/environment/path.sh
[31.639s] -- Up-to-date: /home/lrs-ubuntu/LRS/ros2_ws_group_10/install/template_drone_control/share/template_drone_control/environment/path.dsv
[31.639s] -- Up-to-date: /home/lrs-ubuntu/LRS/ros2_ws_group_10/install/template_drone_control/share/template_drone_control/local_setup.bash
[31.639s] -- Up-to-date: /home/lrs-ubuntu/LRS/ros2_ws_group_10/install/template_drone_control/share/template_drone_control/local_setup.sh
[31.639s] -- Up-to-date: /home/lrs-ubuntu/LRS/ros2_ws_group_10/install/template_drone_control/share/template_drone_control/local_setup.zsh
[31.640s] -- Up-to-date: /home/lrs-ubuntu/LRS/ros2_ws_group_10/install/template_drone_control/share/template_drone_control/local_setup.dsv
[31.640s] -- Installing: /home/lrs-ubuntu/LRS/ros2_ws_group_10/install/template_drone_control/share/template_drone_control/package.dsv
[31.641s] -- Up-to-date: /home/lrs-ubuntu/LRS/ros2_ws_group_10/install/template_drone_control/share/ament_index/resource_index/packages/template_drone_control
[31.641s] -- Up-to-date: /home/lrs-ubuntu/LRS/ros2_ws_group_10/install/template_drone_control/share/template_drone_control/cmake/template_drone_controlConfig.cmake
[31.641s] -- Up-to-date: /home/lrs-ubuntu/LRS/ros2_ws_group_10/install/template_drone_control/share/template_drone_control/cmake/template_drone_controlConfig-version.cmake
[31.641s] -- Up-to-date: /home/lrs-ubuntu/LRS/ros2_ws_group_10/install/template_drone_control/share/template_drone_control/package.xml
[31.645s] Invoked command in '/home/lrs-ubuntu/LRS/ros2_ws_group_10/build/template_drone_control' returned '0': CMAKE_PREFIX_PATH=${CMAKE_PREFIX_PATH}:/opt/ros/foxy /usr/bin/cmake --install /home/lrs-ubuntu/LRS/ros2_ws_group_10/build/template_drone_control
