[35m[1mScanning dependencies of target template_drone_control_node[0m
[ 50%] [32mBuilding CXX object CMakeFiles/template_drone_control_node.dir/src/template_drone_control_node.cpp.o[0m
/home/lrs-ubuntu/LRS/ros2_ws_group10/src/template_drone_control/src/template_drone_control_node.cpp: In function ‘void nacitatMapu()’:
/home/lrs-ubuntu/LRS/ros2_ws_group10/src/template_drone_control/src/template_drone_control_node.cpp:78:28: warning: format ‘%s’ expects argument of type ‘char*’, but argument 3 has type ‘char (*)[2]’ [-Wformat=]
   78 |             fscanf(pArq, "%s", &line1);
      |                           ~^   ~~~~~~
      |                            |   |
      |                            |   char (*)[2]
      |                            char*
/home/lrs-ubuntu/LRS/ros2_ws_group10/src/template_drone_control/src/template_drone_control_node.cpp:85:28: warning: format ‘%s’ expects argument of type ‘char*’, but argument 3 has type ‘char (*)[100]’ [-Wformat=]
   85 |             fscanf(pArq, "%s", &line2);
      |                           ~^   ~~~~~~
      |                            |   |
      |                            |   char (*)[100]
      |                            char*
/home/lrs-ubuntu/LRS/ros2_ws_group10/src/template_drone_control/src/template_drone_control_node.cpp:92:28: warning: format ‘%s’ expects argument of type ‘char*’, but argument 3 has type ‘char (*)[10]’ [-Wformat=]
   92 |             fscanf(pArq, "%s", &line3);
      |                           ~^   ~~~~~~
      |                            |   |
      |                            |   char (*)[10]
      |                            char*
[100%] [32m[1mLinking CXX executable template_drone_control_node[0m
[100%] Built target template_drone_control_node
-- Install configuration: ""
-- Installing: /home/lrs-ubuntu/LRS/ros2_ws_group10/install/template_drone_control/lib/template_drone_control/template_drone_control_node
-- Set runtime path of "/home/lrs-ubuntu/LRS/ros2_ws_group10/install/template_drone_control/lib/template_drone_control/template_drone_control_node" to ""
-- Up-to-date: /home/lrs-ubuntu/LRS/ros2_ws_group10/install/template_drone_control/share/ament_index/resource_index/package_run_dependencies/template_drone_control
-- Up-to-date: /home/lrs-ubuntu/LRS/ros2_ws_group10/install/template_drone_control/share/ament_index/resource_index/parent_prefix_path/template_drone_control
-- Up-to-date: /home/lrs-ubuntu/LRS/ros2_ws_group10/install/template_drone_control/share/template_drone_control/environment/ament_prefix_path.sh
-- Up-to-date: /home/lrs-ubuntu/LRS/ros2_ws_group10/install/template_drone_control/share/template_drone_control/environment/ament_prefix_path.dsv
-- Up-to-date: /home/lrs-ubuntu/LRS/ros2_ws_group10/install/template_drone_control/share/template_drone_control/environment/path.sh
-- Up-to-date: /home/lrs-ubuntu/LRS/ros2_ws_group10/install/template_drone_control/share/template_drone_control/environment/path.dsv
-- Up-to-date: /home/lrs-ubuntu/LRS/ros2_ws_group10/install/template_drone_control/share/template_drone_control/local_setup.bash
-- Up-to-date: /home/lrs-ubuntu/LRS/ros2_ws_group10/install/template_drone_control/share/template_drone_control/local_setup.sh
-- Up-to-date: /home/lrs-ubuntu/LRS/ros2_ws_group10/install/template_drone_control/share/template_drone_control/local_setup.zsh
-- Up-to-date: /home/lrs-ubuntu/LRS/ros2_ws_group10/install/template_drone_control/share/template_drone_control/local_setup.dsv
-- Installing: /home/lrs-ubuntu/LRS/ros2_ws_group10/install/template_drone_control/share/template_drone_control/package.dsv
-- Up-to-date: /home/lrs-ubuntu/LRS/ros2_ws_group10/install/template_drone_control/share/ament_index/resource_index/packages/template_drone_control
-- Up-to-date: /home/lrs-ubuntu/LRS/ros2_ws_group10/install/template_drone_control/share/template_drone_control/cmake/template_drone_controlConfig.cmake
-- Up-to-date: /home/lrs-ubuntu/LRS/ros2_ws_group10/install/template_drone_control/share/template_drone_control/cmake/template_drone_controlConfig-version.cmake
-- Up-to-date: /home/lrs-ubuntu/LRS/ros2_ws_group10/install/template_drone_control/share/template_drone_control/package.xml
