[0.012s] Invoking command in '/home/lrs-ubuntu/LRS/ros2_ws_group_10/build/template_drone_control': CMAKE_PREFIX_PATH=${CMAKE_PREFIX_PATH}:/opt/ros/foxy /usr/bin/cmake /home/lrs-ubuntu/LRS/ros2_ws_group_10/src/template_drone_control -DCMAKE_INSTALL_PREFIX=/home/lrs-ubuntu/LRS/ros2_ws_group_10/install/template_drone_control
[0.069s] -- The C compiler identification is GNU 9.4.0
[0.146s] -- The CXX compiler identification is GNU 9.4.0
[0.151s] -- Check for working C compiler: /usr/lib/ccache/cc
[0.252s] -- Check for working C compiler: /usr/lib/ccache/cc -- works
[0.253s] -- Detecting C compiler ABI info
[0.320s] -- Detecting C compiler ABI info - done
[0.335s] -- Detecting C compile features
[0.335s] -- Detecting C compile features - done
[0.338s] -- Check for working CXX compiler: /usr/lib/ccache/g++
[0.455s] -- Check for working CXX compiler: /usr/lib/ccache/g++ -- works
[0.456s] -- Detecting CXX compiler ABI info
[0.525s] -- Detecting CXX compiler ABI info - done
[0.536s] -- Detecting CXX compile features
[0.537s] -- Detecting CXX compile features - done
[0.538s] -- Found ament_cmake: 0.9.12 (/opt/ros/foxy/share/ament_cmake/cmake)
[0.559s] -- Found PythonInterp: /usr/bin/python3 (found suitable version "3.8.10", minimum required is "3") 
[0.559s] -- Using PYTHON_EXECUTABLE: /usr/bin/python3
[0.708s] -- Found rclcpp: 2.4.3 (/opt/ros/foxy/share/rclcpp/cmake)
[0.745s] -- Using all available rosidl_typesupport_c: rosidl_typesupport_fastrtps_c;rosidl_typesupport_introspection_c
[0.750s] -- Found rosidl_adapter: 1.3.1 (/opt/ros/foxy/share/rosidl_adapter/cmake)
[0.818s] -- Found OpenSSL: /usr/lib/x86_64-linux-gnu/libcrypto.so (found version "1.1.1f")  
[0.840s] -- Found FastRTPS: /opt/ros/foxy/include  
[0.905s] -- Using all available rosidl_typesupport_cpp: rosidl_typesupport_fastrtps_cpp;rosidl_typesupport_introspection_cpp
[0.955s] -- Found rmw_implementation_cmake: 1.0.4 (/opt/ros/foxy/share/rmw_implementation_cmake/cmake)
[0.956s] -- Using RMW implementation 'rmw_fastrtps_cpp' as default
[0.957s] -- Looking for pthread.h
[1.014s] -- Looking for pthread.h - found
[1.014s] -- Performing Test CMAKE_HAVE_LIBC_PTHREAD
[1.077s] -- Performing Test CMAKE_HAVE_LIBC_PTHREAD - Failed
[1.077s] -- Looking for pthread_create in pthreads
[1.128s] -- Looking for pthread_create in pthreads - not found
[1.128s] -- Looking for pthread_create in pthread
[1.195s] -- Looking for pthread_create in pthread - found
[1.196s] -- Found Threads: TRUE  
[1.344s] -- Found geometry_msgs: 2.0.5 (/opt/ros/foxy/share/geometry_msgs/cmake)
[1.375s] -- Found mavros_msgs: 2.4.0 (/opt/ros/foxy/share/mavros_msgs/cmake)
[1.888s] -- Configuring done
[1.897s] -- Generating done
[1.986s] -- Build files have been written to: /home/lrs-ubuntu/LRS/ros2_ws_group_10/build/template_drone_control
[1.996s] Invoked command in '/home/lrs-ubuntu/LRS/ros2_ws_group_10/build/template_drone_control' returned '0': CMAKE_PREFIX_PATH=${CMAKE_PREFIX_PATH}:/opt/ros/foxy /usr/bin/cmake /home/lrs-ubuntu/LRS/ros2_ws_group_10/src/template_drone_control -DCMAKE_INSTALL_PREFIX=/home/lrs-ubuntu/LRS/ros2_ws_group_10/install/template_drone_control
[1.999s] Invoking command in '/home/lrs-ubuntu/LRS/ros2_ws_group_10/build/template_drone_control': CMAKE_PREFIX_PATH=${CMAKE_PREFIX_PATH}:/opt/ros/foxy /usr/bin/cmake --build /home/lrs-ubuntu/LRS/ros2_ws_group_10/build/template_drone_control -- -j8 -l8
[2.039s] [35m[1mScanning dependencies of target template_drone_control_node[0m
[2.079s] [ 50%] [32mBuilding CXX object CMakeFiles/template_drone_control_node.dir/src/template_drone_control_node.cpp.o[0m
[2.141s] [100%] [32m[1mLinking CXX executable template_drone_control_node[0m
[2.474s] [100%] Built target template_drone_control_node
[2.485s] Invoked command in '/home/lrs-ubuntu/LRS/ros2_ws_group_10/build/template_drone_control' returned '0': CMAKE_PREFIX_PATH=${CMAKE_PREFIX_PATH}:/opt/ros/foxy /usr/bin/cmake --build /home/lrs-ubuntu/LRS/ros2_ws_group_10/build/template_drone_control -- -j8 -l8
[2.518s] Invoking command in '/home/lrs-ubuntu/LRS/ros2_ws_group_10/build/template_drone_control': CMAKE_PREFIX_PATH=${CMAKE_PREFIX_PATH}:/opt/ros/foxy /usr/bin/cmake --install /home/lrs-ubuntu/LRS/ros2_ws_group_10/build/template_drone_control
[2.526s] -- Install configuration: ""
[2.527s] -- Installing: /home/lrs-ubuntu/LRS/ros2_ws_group_10/install/template_drone_control/lib/template_drone_control/template_drone_control_node
[2.530s] -- Set runtime path of "/home/lrs-ubuntu/LRS/ros2_ws_group_10/install/template_drone_control/lib/template_drone_control/template_drone_control_node" to ""
[2.530s] -- Installing: /home/lrs-ubuntu/LRS/ros2_ws_group_10/install/template_drone_control/share/ament_index/resource_index/package_run_dependencies/template_drone_control
[2.530s] -- Installing: /home/lrs-ubuntu/LRS/ros2_ws_group_10/install/template_drone_control/share/ament_index/resource_index/parent_prefix_path/template_drone_control
[2.530s] -- Installing: /home/lrs-ubuntu/LRS/ros2_ws_group_10/install/template_drone_control/share/template_drone_control/environment/ament_prefix_path.sh
[2.530s] -- Installing: /home/lrs-ubuntu/LRS/ros2_ws_group_10/install/template_drone_control/share/template_drone_control/environment/ament_prefix_path.dsv
[2.531s] -- Installing: /home/lrs-ubuntu/LRS/ros2_ws_group_10/install/template_drone_control/share/template_drone_control/environment/path.sh
[2.531s] -- Installing: /home/lrs-ubuntu/LRS/ros2_ws_group_10/install/template_drone_control/share/template_drone_control/environment/path.dsv
[2.531s] -- Installing: /home/lrs-ubuntu/LRS/ros2_ws_group_10/install/template_drone_control/share/template_drone_control/local_setup.bash
[2.531s] -- Installing: /home/lrs-ubuntu/LRS/ros2_ws_group_10/install/template_drone_control/share/template_drone_control/local_setup.sh
[2.531s] -- Installing: /home/lrs-ubuntu/LRS/ros2_ws_group_10/install/template_drone_control/share/template_drone_control/local_setup.zsh
[2.532s] -- Installing: /home/lrs-ubuntu/LRS/ros2_ws_group_10/install/template_drone_control/share/template_drone_control/local_setup.dsv
[2.532s] -- Installing: /home/lrs-ubuntu/LRS/ros2_ws_group_10/install/template_drone_control/share/template_drone_control/package.dsv
[2.532s] -- Installing: /home/lrs-ubuntu/LRS/ros2_ws_group_10/install/template_drone_control/share/ament_index/resource_index/packages/template_drone_control
[2.532s] -- Installing: /home/lrs-ubuntu/LRS/ros2_ws_group_10/install/template_drone_control/share/template_drone_control/cmake/template_drone_controlConfig.cmake
[2.532s] -- Installing: /home/lrs-ubuntu/LRS/ros2_ws_group_10/install/template_drone_control/share/template_drone_control/cmake/template_drone_controlConfig-version.cmake
[2.532s] -- Installing: /home/lrs-ubuntu/LRS/ros2_ws_group_10/install/template_drone_control/share/template_drone_control/package.xml
[2.535s] Invoked command in '/home/lrs-ubuntu/LRS/ros2_ws_group_10/build/template_drone_control' returned '0': CMAKE_PREFIX_PATH=${CMAKE_PREFIX_PATH}:/opt/ros/foxy /usr/bin/cmake --install /home/lrs-ubuntu/LRS/ros2_ws_group_10/build/template_drone_control
