[0.023s] Invoking command in '/home/lrs-ubuntu/LRS/ros2_ws_group_10/build/template_drone_control': CMAKE_PREFIX_PATH=${CMAKE_PREFIX_PATH}:/opt/ros/foxy /usr/bin/cmake --build /home/lrs-ubuntu/LRS/ros2_ws_group_10/build/template_drone_control -- -j8 -l8
[0.069s] [35m[1mScanning dependencies of target template_drone_control_node[0m
[0.104s] [ 50%] [32mBuilding CXX object CMakeFiles/template_drone_control_node.dir/src/template_drone_control_node.cpp.o[0m
[6.096s] [100%] [32m[1mLinking CXX executable template_drone_control_node[0m
[6.418s] [100%] Built target template_drone_control_node
[6.429s] Invoked command in '/home/lrs-ubuntu/LRS/ros2_ws_group_10/build/template_drone_control' returned '0': CMAKE_PREFIX_PATH=${CMAKE_PREFIX_PATH}:/opt/ros/foxy /usr/bin/cmake --build /home/lrs-ubuntu/LRS/ros2_ws_group_10/build/template_drone_control -- -j8 -l8
[6.462s] Invoking command in '/home/lrs-ubuntu/LRS/ros2_ws_group_10/build/template_drone_control': CMAKE_PREFIX_PATH=${CMAKE_PREFIX_PATH}:/opt/ros/foxy /usr/bin/cmake --install /home/lrs-ubuntu/LRS/ros2_ws_group_10/build/template_drone_control
[6.470s] -- Install configuration: ""
[6.470s] -- Installing: /home/lrs-ubuntu/LRS/ros2_ws_group_10/install/template_drone_control/lib/template_drone_control/template_drone_control_node
[6.473s] -- Set runtime path of "/home/lrs-ubuntu/LRS/ros2_ws_group_10/install/template_drone_control/lib/template_drone_control/template_drone_control_node" to ""
[6.473s] -- Up-to-date: /home/lrs-ubuntu/LRS/ros2_ws_group_10/install/template_drone_control/share/ament_index/resource_index/package_run_dependencies/template_drone_control
[6.473s] -- Up-to-date: /home/lrs-ubuntu/LRS/ros2_ws_group_10/install/template_drone_control/share/ament_index/resource_index/parent_prefix_path/template_drone_control
[6.473s] -- Up-to-date: /home/lrs-ubuntu/LRS/ros2_ws_group_10/install/template_drone_control/share/template_drone_control/environment/ament_prefix_path.sh
[6.474s] -- Up-to-date: /home/lrs-ubuntu/LRS/ros2_ws_group_10/install/template_drone_control/share/template_drone_control/environment/ament_prefix_path.dsv
[6.474s] -- Up-to-date: /home/lrs-ubuntu/LRS/ros2_ws_group_10/install/template_drone_control/share/template_drone_control/environment/path.sh
[6.474s] -- Up-to-date: /home/lrs-ubuntu/LRS/ros2_ws_group_10/install/template_drone_control/share/template_drone_control/environment/path.dsv
[6.474s] -- Up-to-date: /home/lrs-ubuntu/LRS/ros2_ws_group_10/install/template_drone_control/share/template_drone_control/local_setup.bash
[6.474s] -- Up-to-date: /home/lrs-ubuntu/LRS/ros2_ws_group_10/install/template_drone_control/share/template_drone_control/local_setup.sh
[6.474s] -- Up-to-date: /home/lrs-ubuntu/LRS/ros2_ws_group_10/install/template_drone_control/share/template_drone_control/local_setup.zsh
[6.474s] -- Up-to-date: /home/lrs-ubuntu/LRS/ros2_ws_group_10/install/template_drone_control/share/template_drone_control/local_setup.dsv
[6.474s] -- Installing: /home/lrs-ubuntu/LRS/ros2_ws_group_10/install/template_drone_control/share/template_drone_control/package.dsv
[6.474s] -- Up-to-date: /home/lrs-ubuntu/LRS/ros2_ws_group_10/install/template_drone_control/share/ament_index/resource_index/packages/template_drone_control
[6.474s] -- Up-to-date: /home/lrs-ubuntu/LRS/ros2_ws_group_10/install/template_drone_control/share/template_drone_control/cmake/template_drone_controlConfig.cmake
[6.474s] -- Up-to-date: /home/lrs-ubuntu/LRS/ros2_ws_group_10/install/template_drone_control/share/template_drone_control/cmake/template_drone_controlConfig-version.cmake
[6.474s] -- Up-to-date: /home/lrs-ubuntu/LRS/ros2_ws_group_10/install/template_drone_control/share/template_drone_control/package.xml
[6.476s] Invoked command in '/home/lrs-ubuntu/LRS/ros2_ws_group_10/build/template_drone_control' returned '0': CMAKE_PREFIX_PATH=${CMAKE_PREFIX_PATH}:/opt/ros/foxy /usr/bin/cmake --install /home/lrs-ubuntu/LRS/ros2_ws_group_10/build/template_drone_control
