[0.110s] Invoking command in '/home/lrs-ubuntu/LRS/ros2_ws_group_10/src/build/template_drone_control': CMAKE_PREFIX_PATH=${CMAKE_PREFIX_PATH}:/opt/ros/foxy /usr/bin/cmake --build /home/lrs-ubuntu/LRS/ros2_ws_group_10/src/build/template_drone_control -- -j8 -l8
[0.248s] [35m[1mScanning dependencies of target template_drone_control_node[0m
[0.337s] [ 50%] [32mBuilding CXX object CMakeFiles/template_drone_control_node.dir/src/template_drone_control_node.cpp.o[0m
[26.253s] /home/lrs-ubuntu/LRS/ros2_ws_group_10/src/template_drone_control/src/template_drone_control_node.cpp: In member function ‘void TemplateDroneControl::local_pos_cb(geometry_msgs::msg::PoseStamped_<std::allocator<void> >::SharedPtr)’:
[26.253s] /home/lrs-ubuntu/LRS/ros2_ws_group_10/src/template_drone_control/src/template_drone_control_node.cpp:87:42: warning: statement has no effect [-Wunused-value]
[26.253s]    87 |         current_local_pos_.pose.position.x;
[26.254s]       |         ~~~~~~~~~~~~~~~~~~~~~~~~~~~~~~~~~^
[26.254s] /home/lrs-ubuntu/LRS/ros2_ws_group_10/src/template_drone_control/src/template_drone_control_node.cpp:88:42: warning: statement has no effect [-Wunused-value]
[26.254s]    88 |         current_local_pos_.pose.position.y;
[26.254s]       |         ~~~~~~~~~~~~~~~~~~~~~~~~~~~~~~~~~^
[26.254s] /home/lrs-ubuntu/LRS/ros2_ws_group_10/src/template_drone_control/src/template_drone_control_node.cpp:89:42: warning: statement has no effect [-Wunused-value]
[26.254s]    89 |         current_local_pos_.pose.position.z;
[26.254s]       |         ~~~~~~~~~~~~~~~~~~~~~~~~~~~~~~~~~^
[26.331s] [100%] [32m[1mLinking CXX executable template_drone_control_node[0m
[27.998s] [100%] Built target template_drone_control_node
[28.039s] Invoked command in '/home/lrs-ubuntu/LRS/ros2_ws_group_10/src/build/template_drone_control' returned '0': CMAKE_PREFIX_PATH=${CMAKE_PREFIX_PATH}:/opt/ros/foxy /usr/bin/cmake --build /home/lrs-ubuntu/LRS/ros2_ws_group_10/src/build/template_drone_control -- -j8 -l8
[28.146s] Invoking command in '/home/lrs-ubuntu/LRS/ros2_ws_group_10/src/build/template_drone_control': CMAKE_PREFIX_PATH=${CMAKE_PREFIX_PATH}:/opt/ros/foxy /usr/bin/cmake --install /home/lrs-ubuntu/LRS/ros2_ws_group_10/src/build/template_drone_control
[28.182s] -- Install configuration: ""
[28.182s] -- Installing: /home/lrs-ubuntu/LRS/ros2_ws_group_10/src/install/template_drone_control/lib/template_drone_control/template_drone_control_node
[28.190s] -- Set runtime path of "/home/lrs-ubuntu/LRS/ros2_ws_group_10/src/install/template_drone_control/lib/template_drone_control/template_drone_control_node" to ""
[28.191s] -- Up-to-date: /home/lrs-ubuntu/LRS/ros2_ws_group_10/src/install/template_drone_control/share/ament_index/resource_index/package_run_dependencies/template_drone_control
[28.194s] -- Up-to-date: /home/lrs-ubuntu/LRS/ros2_ws_group_10/src/install/template_drone_control/share/ament_index/resource_index/parent_prefix_path/template_drone_control
[28.195s] -- Up-to-date: /home/lrs-ubuntu/LRS/ros2_ws_group_10/src/install/template_drone_control/share/template_drone_control/environment/ament_prefix_path.sh
[28.196s] -- Up-to-date: /home/lrs-ubuntu/LRS/ros2_ws_group_10/src/install/template_drone_control/share/template_drone_control/environment/ament_prefix_path.dsv
[28.196s] -- Up-to-date: /home/lrs-ubuntu/LRS/ros2_ws_group_10/src/install/template_drone_control/share/template_drone_control/environment/path.sh
[28.196s] -- Up-to-date: /home/lrs-ubuntu/LRS/ros2_ws_group_10/src/install/template_drone_control/share/template_drone_control/environment/path.dsv
[28.196s] -- Up-to-date: /home/lrs-ubuntu/LRS/ros2_ws_group_10/src/install/template_drone_control/share/template_drone_control/local_setup.bash
[28.196s] -- Up-to-date: /home/lrs-ubuntu/LRS/ros2_ws_group_10/src/install/template_drone_control/share/template_drone_control/local_setup.sh
[28.196s] -- Up-to-date: /home/lrs-ubuntu/LRS/ros2_ws_group_10/src/install/template_drone_control/share/template_drone_control/local_setup.zsh
[28.196s] -- Up-to-date: /home/lrs-ubuntu/LRS/ros2_ws_group_10/src/install/template_drone_control/share/template_drone_control/local_setup.dsv
[28.196s] -- Installing: /home/lrs-ubuntu/LRS/ros2_ws_group_10/src/install/template_drone_control/share/template_drone_control/package.dsv
[28.196s] -- Up-to-date: /home/lrs-ubuntu/LRS/ros2_ws_group_10/src/install/template_drone_control/share/ament_index/resource_index/packages/template_drone_control
[28.196s] -- Up-to-date: /home/lrs-ubuntu/LRS/ros2_ws_group_10/src/install/template_drone_control/share/template_drone_control/cmake/template_drone_controlConfig.cmake
[28.197s] -- Up-to-date: /home/lrs-ubuntu/LRS/ros2_ws_group_10/src/install/template_drone_control/share/template_drone_control/cmake/template_drone_controlConfig-version.cmake
[28.197s] -- Up-to-date: /home/lrs-ubuntu/LRS/ros2_ws_group_10/src/install/template_drone_control/share/template_drone_control/package.xml
[28.203s] Invoked command in '/home/lrs-ubuntu/LRS/ros2_ws_group_10/src/build/template_drone_control' returned '0': CMAKE_PREFIX_PATH=${CMAKE_PREFIX_PATH}:/opt/ros/foxy /usr/bin/cmake --install /home/lrs-ubuntu/LRS/ros2_ws_group_10/src/build/template_drone_control
