[0.999s] DEBUG:colcon:Command line arguments: ['/usr/bin/colcon', 'build']
[0.999s] DEBUG:colcon:Parsed command line arguments: Namespace(allow_overriding=[], ament_cmake_args=None, base_paths=['.'], build_base='build', catkin_cmake_args=None, catkin_skip_building_tests=False, cmake_args=None, cmake_clean_cache=False, cmake_clean_first=False, cmake_force_configure=False, cmake_target=None, cmake_target_skip_unavailable=False, continue_on_error=False, event_handlers=None, executor='parallel', ignore_user_meta=False, install_base='install', log_base=None, log_level=None, main=<bound method BuildVerb.main of <colcon_core.verb.build.BuildVerb object at 0x7f26c9c515b0>>, merge_install=False, metas=['./colcon.meta'], packages_above=None, packages_above_and_dependencies=None, packages_above_depth=None, packages_end=None, packages_ignore=None, packages_ignore_regex=None, packages_select=None, packages_select_build_failed=False, packages_select_by_dep=None, packages_select_regex=None, packages_select_test_failures=False, packages_skip=None, packages_skip_build_finished=False, packages_skip_by_dep=None, packages_skip_regex=None, packages_skip_test_passed=False, packages_skip_up_to=None, packages_start=None, packages_up_to=None, packages_up_to_regex=None, parallel_workers=8, paths=None, symlink_install=False, test_result_base=None, verb_extension=<colcon_core.verb.build.BuildVerb object at 0x7f26c9c515b0>, verb_name='build', verb_parser=<colcon_defaults.argument_parser.defaults.DefaultArgumentsDecorator object at 0x7f26c9c51af0>)
[1.092s] Level 1:colcon.colcon_core.package_discovery:discover_packages(colcon_meta) check parameters
[1.093s] Level 1:colcon.colcon_core.package_discovery:discover_packages(recursive) check parameters
[1.093s] Level 1:colcon.colcon_core.package_discovery:discover_packages(ignore) check parameters
[1.093s] Level 1:colcon.colcon_core.package_discovery:discover_packages(path) check parameters
[1.093s] Level 1:colcon.colcon_core.package_discovery:discover_packages(colcon_meta) discover
[1.094s] Level 1:colcon.colcon_core.package_discovery:discover_packages(recursive) discover
[1.094s] INFO:colcon.colcon_core.package_discovery:Crawling recursively for packages in '/home/lrs-ubuntu/LRS/ros2_ws_group_10/src'
[1.094s] Level 1:colcon.colcon_core.package_identification:_identify(.) by extensions ['ignore', 'ignore_ament_install']
[1.094s] Level 1:colcon.colcon_core.package_identification:_identify(.) by extension 'ignore'
[1.094s] Level 1:colcon.colcon_core.package_identification:_identify(.) by extension 'ignore_ament_install'
[1.094s] Level 1:colcon.colcon_core.package_identification:_identify(.) by extensions ['colcon_pkg']
[1.095s] Level 1:colcon.colcon_core.package_identification:_identify(.) by extension 'colcon_pkg'
[1.095s] Level 1:colcon.colcon_core.package_identification:_identify(.) by extensions ['colcon_meta']
[1.095s] Level 1:colcon.colcon_core.package_identification:_identify(.) by extension 'colcon_meta'
[1.095s] Level 1:colcon.colcon_core.package_identification:_identify(.) by extensions ['ros']
[1.095s] Level 1:colcon.colcon_core.package_identification:_identify(.) by extension 'ros'
[1.178s] Level 1:colcon.colcon_core.package_identification:_identify(.) by extensions ['cmake', 'python']
[1.178s] Level 1:colcon.colcon_core.package_identification:_identify(.) by extension 'cmake'
[1.178s] Level 1:colcon.colcon_core.package_identification:_identify(.) by extension 'python'
[1.178s] Level 1:colcon.colcon_core.package_identification:_identify(.) by extensions ['python_setup_py']
[1.178s] Level 1:colcon.colcon_core.package_identification:_identify(.) by extension 'python_setup_py'
[1.179s] Level 1:colcon.colcon_core.package_identification:_identify(build) by extensions ['ignore', 'ignore_ament_install']
[1.179s] Level 1:colcon.colcon_core.package_identification:_identify(build) by extension 'ignore'
[1.179s] Level 1:colcon.colcon_core.package_identification:_identify(build) ignored
[1.180s] Level 1:colcon.colcon_core.package_identification:_identify(install) by extensions ['ignore', 'ignore_ament_install']
[1.180s] Level 1:colcon.colcon_core.package_identification:_identify(install) by extension 'ignore'
[1.180s] Level 1:colcon.colcon_core.package_identification:_identify(install) ignored
[1.181s] Level 1:colcon.colcon_core.package_identification:_identify(log) by extensions ['ignore', 'ignore_ament_install']
[1.182s] Level 1:colcon.colcon_core.package_identification:_identify(log) by extension 'ignore'
[1.182s] Level 1:colcon.colcon_core.package_identification:_identify(log) ignored
[1.183s] Level 1:colcon.colcon_core.package_identification:_identify(template_drone_control) by extensions ['ignore', 'ignore_ament_install']
[1.184s] Level 1:colcon.colcon_core.package_identification:_identify(template_drone_control) by extension 'ignore'
[1.186s] Level 1:colcon.colcon_core.package_identification:_identify(template_drone_control) by extension 'ignore_ament_install'
[1.187s] Level 1:colcon.colcon_core.package_identification:_identify(template_drone_control) by extensions ['colcon_pkg']
[1.187s] Level 1:colcon.colcon_core.package_identification:_identify(template_drone_control) by extension 'colcon_pkg'
[1.187s] Level 1:colcon.colcon_core.package_identification:_identify(template_drone_control) by extensions ['colcon_meta']
[1.187s] Level 1:colcon.colcon_core.package_identification:_identify(template_drone_control) by extension 'colcon_meta'
[1.187s] Level 1:colcon.colcon_core.package_identification:_identify(template_drone_control) by extensions ['ros']
[1.187s] Level 1:colcon.colcon_core.package_identification:_identify(template_drone_control) by extension 'ros'
[1.196s] DEBUG:colcon.colcon_core.package_identification:Package 'template_drone_control' with type 'ros.ament_cmake' and name 'template_drone_control'
[1.196s] Level 1:colcon.colcon_core.package_discovery:discover_packages(recursive) using defaults
[1.196s] Level 1:colcon.colcon_core.package_discovery:discover_packages(ignore) discover
[1.196s] Level 1:colcon.colcon_core.package_discovery:discover_packages(ignore) using defaults
[1.196s] Level 1:colcon.colcon_core.package_discovery:discover_packages(path) discover
[1.196s] Level 1:colcon.colcon_core.package_discovery:discover_packages(path) using defaults
[1.255s] Level 1:colcon.colcon_core.package_discovery:discover_packages(prefix_path) check parameters
[1.255s] Level 1:colcon.colcon_core.package_discovery:discover_packages(prefix_path) discover
[1.261s] DEBUG:colcon.colcon_installed_package_information.package_discovery:Found 174 installed packages in /opt/ros/foxy
[1.268s] Level 1:colcon.colcon_core.package_discovery:discover_packages(prefix_path) using defaults
[1.401s] Level 5:colcon.colcon_core.verb:set package 'template_drone_control' build argument 'cmake_args' from command line to 'None'
[1.401s] Level 5:colcon.colcon_core.verb:set package 'template_drone_control' build argument 'cmake_target' from command line to 'None'
[1.402s] Level 5:colcon.colcon_core.verb:set package 'template_drone_control' build argument 'cmake_target_skip_unavailable' from command line to 'False'
[1.403s] Level 5:colcon.colcon_core.verb:set package 'template_drone_control' build argument 'cmake_clean_cache' from command line to 'False'
[1.403s] Level 5:colcon.colcon_core.verb:set package 'template_drone_control' build argument 'cmake_clean_first' from command line to 'False'
[1.404s] Level 5:colcon.colcon_core.verb:set package 'template_drone_control' build argument 'cmake_force_configure' from command line to 'False'
[1.404s] Level 5:colcon.colcon_core.verb:set package 'template_drone_control' build argument 'ament_cmake_args' from command line to 'None'
[1.405s] Level 5:colcon.colcon_core.verb:set package 'template_drone_control' build argument 'catkin_cmake_args' from command line to 'None'
[1.405s] Level 5:colcon.colcon_core.verb:set package 'template_drone_control' build argument 'catkin_skip_building_tests' from command line to 'False'
[1.405s] DEBUG:colcon.colcon_core.verb:Building package 'template_drone_control' with the following arguments: {'ament_cmake_args': None, 'build_base': '/home/lrs-ubuntu/LRS/ros2_ws_group_10/src/build/template_drone_control', 'catkin_cmake_args': None, 'catkin_skip_building_tests': False, 'cmake_args': None, 'cmake_clean_cache': False, 'cmake_clean_first': False, 'cmake_force_configure': False, 'cmake_target': None, 'cmake_target_skip_unavailable': False, 'install_base': '/home/lrs-ubuntu/LRS/ros2_ws_group_10/src/install/template_drone_control', 'merge_install': False, 'path': '/home/lrs-ubuntu/LRS/ros2_ws_group_10/src/template_drone_control', 'symlink_install': False, 'test_result_base': None}
[1.407s] INFO:colcon.colcon_core.executor:Executing jobs using 'parallel' executor
[1.416s] DEBUG:colcon.colcon_parallel_executor.executor.parallel:run_until_complete
[1.416s] INFO:colcon.colcon_ros.task.ament_cmake.build:Building ROS package in '/home/lrs-ubuntu/LRS/ros2_ws_group_10/src/template_drone_control' with build type 'ament_cmake'
[1.416s] INFO:colcon.colcon_cmake.task.cmake.build:Building CMake package in '/home/lrs-ubuntu/LRS/ros2_ws_group_10/src/template_drone_control'
[1.434s] INFO:colcon.colcon_core.plugin_system:Skipping extension 'colcon_core.shell.bat': Not used on non-Windows systems
[1.435s] INFO:colcon.colcon_core.shell:Skip shell extension 'powershell' for command environment: Not usable outside of PowerShell
[1.435s] DEBUG:colcon.colcon_core.shell:Skip shell extension 'dsv' for command environment
[1.461s] DEBUG:colcon.colcon_core.event_handler.log_command:Invoking command in '/home/lrs-ubuntu/LRS/ros2_ws_group_10/src/build/template_drone_control': CMAKE_PREFIX_PATH=/opt/ros/foxy /usr/bin/cmake --build /home/lrs-ubuntu/LRS/ros2_ws_group_10/src/build/template_drone_control -- -j8 -l8
[3.121s] DEBUG:colcon.colcon_core.event_handler.log_command:Invoked command in '/home/lrs-ubuntu/LRS/ros2_ws_group_10/src/build/template_drone_control' returned '0': CMAKE_PREFIX_PATH=/opt/ros/foxy /usr/bin/cmake --build /home/lrs-ubuntu/LRS/ros2_ws_group_10/src/build/template_drone_control -- -j8 -l8
[3.229s] DEBUG:colcon.colcon_core.event_handler.log_command:Invoking command in '/home/lrs-ubuntu/LRS/ros2_ws_group_10/src/build/template_drone_control': CMAKE_PREFIX_PATH=/opt/ros/foxy /usr/bin/cmake --install /home/lrs-ubuntu/LRS/ros2_ws_group_10/src/build/template_drone_control
[3.268s] Level 1:colcon.colcon_core.environment:create_environment_scripts_only(template_drone_control)
[3.269s] DEBUG:colcon.colcon_core.event_handler.log_command:Invoked command in '/home/lrs-ubuntu/LRS/ros2_ws_group_10/src/build/template_drone_control' returned '0': CMAKE_PREFIX_PATH=/opt/ros/foxy /usr/bin/cmake --install /home/lrs-ubuntu/LRS/ros2_ws_group_10/src/build/template_drone_control
[3.291s] Level 1:colcon.colcon_core.environment:checking '/home/lrs-ubuntu/LRS/ros2_ws_group_10/src/install/template_drone_control' for CMake module files
[3.292s] Level 1:colcon.colcon_core.environment:checking '/home/lrs-ubuntu/LRS/ros2_ws_group_10/src/install/template_drone_control' for CMake config files
[3.292s] Level 1:colcon.colcon_core.shell:create_environment_hook('template_drone_control', 'cmake_prefix_path')
[3.294s] INFO:colcon.colcon_core.shell:Creating environment hook '/home/lrs-ubuntu/LRS/ros2_ws_group_10/src/install/template_drone_control/share/template_drone_control/hook/cmake_prefix_path.ps1'
[3.299s] INFO:colcon.colcon_core.shell:Creating environment descriptor '/home/lrs-ubuntu/LRS/ros2_ws_group_10/src/install/template_drone_control/share/template_drone_control/hook/cmake_prefix_path.dsv'
[3.330s] INFO:colcon.colcon_core.shell:Creating environment hook '/home/lrs-ubuntu/LRS/ros2_ws_group_10/src/install/template_drone_control/share/template_drone_control/hook/cmake_prefix_path.sh'
[3.332s] Level 1:colcon.colcon_core.environment:checking '/home/lrs-ubuntu/LRS/ros2_ws_group_10/src/install/template_drone_control/lib'
[3.333s] Level 1:colcon.colcon_core.environment:checking '/home/lrs-ubuntu/LRS/ros2_ws_group_10/src/install/template_drone_control/bin'
[3.333s] Level 1:colcon.colcon_core.environment:checking '/home/lrs-ubuntu/LRS/ros2_ws_group_10/src/install/template_drone_control/lib/pkgconfig/template_drone_control.pc'
[3.334s] Level 1:colcon.colcon_core.environment:checking '/home/lrs-ubuntu/LRS/ros2_ws_group_10/src/install/template_drone_control/lib/python3.8/site-packages'
[3.335s] Level 1:colcon.colcon_core.environment:checking '/home/lrs-ubuntu/LRS/ros2_ws_group_10/src/install/template_drone_control/bin'
[3.342s] INFO:colcon.colcon_core.shell:Creating package script '/home/lrs-ubuntu/LRS/ros2_ws_group_10/src/install/template_drone_control/share/template_drone_control/package.ps1'
[3.345s] INFO:colcon.colcon_core.shell:Creating package descriptor '/home/lrs-ubuntu/LRS/ros2_ws_group_10/src/install/template_drone_control/share/template_drone_control/package.dsv'
[3.359s] INFO:colcon.colcon_core.shell:Creating package script '/home/lrs-ubuntu/LRS/ros2_ws_group_10/src/install/template_drone_control/share/template_drone_control/package.sh'
[3.363s] INFO:colcon.colcon_core.shell:Creating package script '/home/lrs-ubuntu/LRS/ros2_ws_group_10/src/install/template_drone_control/share/template_drone_control/package.bash'
[3.367s] INFO:colcon.colcon_core.shell:Creating package script '/home/lrs-ubuntu/LRS/ros2_ws_group_10/src/install/template_drone_control/share/template_drone_control/package.zsh'
[3.369s] Level 1:colcon.colcon_core.environment:create_file_with_runtime_dependencies(/home/lrs-ubuntu/LRS/ros2_ws_group_10/src/install/template_drone_control/share/colcon-core/packages/template_drone_control)
[3.448s] Level 1:colcon.colcon_core.environment:create_environment_scripts_only(template_drone_control)
[3.453s] Level 1:colcon.colcon_core.environment:checking '/home/lrs-ubuntu/LRS/ros2_ws_group_10/src/install/template_drone_control' for CMake module files
[3.454s] Level 1:colcon.colcon_core.environment:checking '/home/lrs-ubuntu/LRS/ros2_ws_group_10/src/install/template_drone_control' for CMake config files
[3.454s] Level 1:colcon.colcon_core.shell:create_environment_hook('template_drone_control', 'cmake_prefix_path')
[3.456s] INFO:colcon.colcon_core.shell:Creating environment hook '/home/lrs-ubuntu/LRS/ros2_ws_group_10/src/install/template_drone_control/share/template_drone_control/hook/cmake_prefix_path.ps1'
[3.459s] INFO:colcon.colcon_core.shell:Creating environment descriptor '/home/lrs-ubuntu/LRS/ros2_ws_group_10/src/install/template_drone_control/share/template_drone_control/hook/cmake_prefix_path.dsv'
[3.466s] INFO:colcon.colcon_core.shell:Creating environment hook '/home/lrs-ubuntu/LRS/ros2_ws_group_10/src/install/template_drone_control/share/template_drone_control/hook/cmake_prefix_path.sh'
[3.469s] Level 1:colcon.colcon_core.environment:checking '/home/lrs-ubuntu/LRS/ros2_ws_group_10/src/install/template_drone_control/lib'
[3.469s] Level 1:colcon.colcon_core.environment:checking '/home/lrs-ubuntu/LRS/ros2_ws_group_10/src/install/template_drone_control/bin'
[3.470s] Level 1:colcon.colcon_core.environment:checking '/home/lrs-ubuntu/LRS/ros2_ws_group_10/src/install/template_drone_control/lib/pkgconfig/template_drone_control.pc'
[3.471s] Level 1:colcon.colcon_core.environment:checking '/home/lrs-ubuntu/LRS/ros2_ws_group_10/src/install/template_drone_control/lib/python3.8/site-packages'
[3.471s] Level 1:colcon.colcon_core.environment:checking '/home/lrs-ubuntu/LRS/ros2_ws_group_10/src/install/template_drone_control/bin'
[3.473s] INFO:colcon.colcon_core.shell:Creating package script '/home/lrs-ubuntu/LRS/ros2_ws_group_10/src/install/template_drone_control/share/template_drone_control/package.ps1'
[3.473s] INFO:colcon.colcon_core.shell:Creating package descriptor '/home/lrs-ubuntu/LRS/ros2_ws_group_10/src/install/template_drone_control/share/template_drone_control/package.dsv'
[3.474s] INFO:colcon.colcon_core.shell:Creating package script '/home/lrs-ubuntu/LRS/ros2_ws_group_10/src/install/template_drone_control/share/template_drone_control/package.sh'
[3.475s] INFO:colcon.colcon_core.shell:Creating package script '/home/lrs-ubuntu/LRS/ros2_ws_group_10/src/install/template_drone_control/share/template_drone_control/package.bash'
[3.477s] INFO:colcon.colcon_core.shell:Creating package script '/home/lrs-ubuntu/LRS/ros2_ws_group_10/src/install/template_drone_control/share/template_drone_control/package.zsh'
[3.477s] Level 1:colcon.colcon_core.environment:create_file_with_runtime_dependencies(/home/lrs-ubuntu/LRS/ros2_ws_group_10/src/install/template_drone_control/share/colcon-core/packages/template_drone_control)
[3.485s] DEBUG:colcon.colcon_parallel_executor.executor.parallel:closing loop
[3.488s] DEBUG:colcon.colcon_parallel_executor.executor.parallel:loop closed
[3.488s] DEBUG:colcon.colcon_parallel_executor.executor.parallel:run_until_complete finished with '0'
[3.489s] DEBUG:colcon.colcon_core.event_reactor:joining thread
[3.515s] INFO:colcon.colcon_core.plugin_system:Skipping extension 'colcon_notification.desktop_notification.terminal_notifier': Not used on non-Darwin systems
[3.515s] INFO:colcon.colcon_core.plugin_system:Skipping extension 'colcon_notification.desktop_notification.win32': Not used on non-Windows systems
[3.515s] INFO:colcon.colcon_notification.desktop_notification:Sending desktop notification using 'notify2'
[3.568s] DEBUG:colcon.colcon_core.event_reactor:joined thread
[3.572s] INFO:colcon.colcon_core.shell:Creating prefix script '/home/lrs-ubuntu/LRS/ros2_ws_group_10/src/install/local_setup.ps1'
[3.573s] INFO:colcon.colcon_core.shell:Creating prefix util module '/home/lrs-ubuntu/LRS/ros2_ws_group_10/src/install/_local_setup_util_ps1.py'
[3.589s] INFO:colcon.colcon_core.shell:Creating prefix chain script '/home/lrs-ubuntu/LRS/ros2_ws_group_10/src/install/setup.ps1'
[3.595s] INFO:colcon.colcon_core.shell:Creating prefix script '/home/lrs-ubuntu/LRS/ros2_ws_group_10/src/install/local_setup.sh'
[3.600s] INFO:colcon.colcon_core.shell:Creating prefix util module '/home/lrs-ubuntu/LRS/ros2_ws_group_10/src/install/_local_setup_util_sh.py'
[3.604s] INFO:colcon.colcon_core.shell:Creating prefix chain script '/home/lrs-ubuntu/LRS/ros2_ws_group_10/src/install/setup.sh'
[3.608s] INFO:colcon.colcon_core.shell:Creating prefix script '/home/lrs-ubuntu/LRS/ros2_ws_group_10/src/install/local_setup.bash'
[3.610s] INFO:colcon.colcon_core.shell:Creating prefix chain script '/home/lrs-ubuntu/LRS/ros2_ws_group_10/src/install/setup.bash'
[3.614s] INFO:colcon.colcon_core.shell:Creating prefix script '/home/lrs-ubuntu/LRS/ros2_ws_group_10/src/install/local_setup.zsh'
[3.615s] INFO:colcon.colcon_core.shell:Creating prefix chain script '/home/lrs-ubuntu/LRS/ros2_ws_group_10/src/install/setup.zsh'
