/home/lrs-ubuntu/LRS/ros2_ws_group_10/src/template_drone_control/src/template_drone_control_node.cpp:100:9: warning: multi-line comment [-Wcomment]
  100 |         // TODO: Arm and Take Off\
      |         ^
/home/lrs-ubuntu/LRS/ros2_ws_group_10/src/template_drone_control/src/template_drone_control_node.cpp: In constructor ‘TemplateDroneControl::TemplateDroneControl(const std::vector<std::vector<float> >&)’:
/home/lrs-ubuntu/LRS/ros2_ws_group_10/src/template_drone_control/src/template_drone_control_node.cpp:207:17: warning: comparison of integer expressions of different signedness: ‘int’ and ‘std::vector<std::vector<float> >::size_type’ {aka ‘long unsigned int’} [-Wsign-compare]
  207 |         while(i < coordinates_.size())
      |               ~~^~~~~~~~~~~~~~~~~~~~~
/home/lrs-ubuntu/LRS/ros2_ws_group_10/src/template_drone_control/src/template_drone_control_node.cpp: In member function ‘void TemplateDroneControl::publish(geometry_msgs::msg::PoseStamped)’:
/home/lrs-ubuntu/LRS/ros2_ws_group_10/src/template_drone_control/src/template_drone_control_node.cpp:307:56: warning: unused parameter ‘setpoint_to_send’ [-Wunused-parameter]
  307 |     void publish(const geometry_msgs::msg::PoseStamped setpoint_to_send)
      |                  ~~~~~~~~~~~~~~~~~~~~~~~~~~~~~~~~~~~~~~^~~~~~~~~~~~~~~~
/home/lrs-ubuntu/LRS/ros2_ws_group_10/src/template_drone_control/src/template_drone_control_node.cpp: In member function ‘void TemplateDroneControl::local_pos_cb(geometry_msgs::msg::PoseStamped_<std::allocator<void> >::SharedPtr)’:
/home/lrs-ubuntu/LRS/ros2_ws_group_10/src/template_drone_control/src/template_drone_control_node.cpp:326:43: warning: statement has no effect [-Wunused-value]
  326 |         currrent_local_pos_.pose.position.x;
      |         ~~~~~~~~~~~~~~~~~~~~~~~~~~~~~~~~~~^
/home/lrs-ubuntu/LRS/ros2_ws_group_10/src/template_drone_control/src/template_drone_control_node.cpp:327:43: warning: statement has no effect [-Wunused-value]
  327 |         currrent_local_pos_.pose.position.y;
      |         ~~~~~~~~~~~~~~~~~~~~~~~~~~~~~~~~~~^
/home/lrs-ubuntu/LRS/ros2_ws_group_10/src/template_drone_control/src/template_drone_control_node.cpp:328:43: warning: statement has no effect [-Wunused-value]
  328 |         currrent_local_pos_.pose.position.z;
      |         ~~~~~~~~~~~~~~~~~~~~~~~~~~~~~~~~~~^
