[0.104s] Invoking command in '/home/lrs-ubuntu/LRS/ros2_ws_group_10/build/template_drone_control': CMAKE_PREFIX_PATH=${CMAKE_PREFIX_PATH}:/opt/ros/foxy /usr/bin/cmake --build /home/lrs-ubuntu/LRS/ros2_ws_group_10/build/template_drone_control -- -j8 -l8
[0.556s] [35m[1mScanning dependencies of target template_drone_control_node[0m
[0.712s] [ 50%] [32mBuilding CXX object CMakeFiles/template_drone_control_node.dir/src/template_drone_control_node.cpp.o[0m
[1.375s] /home/lrs-ubuntu/LRS/ros2_ws_group_10/src/template_drone_control/src/template_drone_control_node.cpp:74:9: warning: multi-line comment [-Wcomment]
[1.375s]    74 |         // TODO: Arm and Take Off\
[1.375s]       |         ^
[1.375s] /home/lrs-ubuntu/LRS/ros2_ws_group_10/src/template_drone_control/src/template_drone_control_node.cpp: In member function ‘void TemplateDroneControl::publish(geometry_msgs::msg::PoseStamped)’:
[1.375s] /home/lrs-ubuntu/LRS/ros2_ws_group_10/src/template_drone_control/src/template_drone_control_node.cpp:205:56: warning: unused parameter ‘setpoint_to_send’ [-Wunused-parameter]
[1.376s]   205 |     void publish(const geometry_msgs::msg::PoseStamped setpoint_to_send)
[1.376s]       |                  ~~~~~~~~~~~~~~~~~~~~~~~~~~~~~~~~~~~~~~^~~~~~~~~~~~~~~~
[1.376s] /home/lrs-ubuntu/LRS/ros2_ws_group_10/src/template_drone_control/src/template_drone_control_node.cpp: In member function ‘void TemplateDroneControl::local_pos_cb(geometry_msgs::msg::PoseStamped_<std::allocator<void> >::SharedPtr)’:
[1.376s] /home/lrs-ubuntu/LRS/ros2_ws_group_10/src/template_drone_control/src/template_drone_control_node.cpp:224:42: warning: statement has no effect [-Wunused-value]
[1.376s]   224 |         current_local_pos_.pose.position.x;
[1.376s]       |         ~~~~~~~~~~~~~~~~~~~~~~~~~~~~~~~~~^
[1.376s] /home/lrs-ubuntu/LRS/ros2_ws_group_10/src/template_drone_control/src/template_drone_control_node.cpp:225:42: warning: statement has no effect [-Wunused-value]
[1.376s]   225 |         current_local_pos_.pose.position.y;
[1.376s]       |         ~~~~~~~~~~~~~~~~~~~~~~~~~~~~~~~~~^
[1.376s] /home/lrs-ubuntu/LRS/ros2_ws_group_10/src/template_drone_control/src/template_drone_control_node.cpp:226:42: warning: statement has no effect [-Wunused-value]
[1.376s]   226 |         current_local_pos_.pose.position.z;
[1.377s]       |         ~~~~~~~~~~~~~~~~~~~~~~~~~~~~~~~~~^
[1.397s] [100%] [32m[1mLinking CXX executable template_drone_control_node[0m
[4.902s] [100%] Built target template_drone_control_node
[4.961s] Invoked command in '/home/lrs-ubuntu/LRS/ros2_ws_group_10/build/template_drone_control' returned '0': CMAKE_PREFIX_PATH=${CMAKE_PREFIX_PATH}:/opt/ros/foxy /usr/bin/cmake --build /home/lrs-ubuntu/LRS/ros2_ws_group_10/build/template_drone_control -- -j8 -l8
[5.169s] Invoking command in '/home/lrs-ubuntu/LRS/ros2_ws_group_10/build/template_drone_control': CMAKE_PREFIX_PATH=${CMAKE_PREFIX_PATH}:/opt/ros/foxy /usr/bin/cmake --install /home/lrs-ubuntu/LRS/ros2_ws_group_10/build/template_drone_control
[5.231s] -- Install configuration: ""
[5.237s] -- Installing: /home/lrs-ubuntu/LRS/ros2_ws_group_10/install/template_drone_control/lib/template_drone_control/template_drone_control_node
[5.263s] -- Set runtime path of "/home/lrs-ubuntu/LRS/ros2_ws_group_10/install/template_drone_control/lib/template_drone_control/template_drone_control_node" to ""
[5.263s] -- Up-to-date: /home/lrs-ubuntu/LRS/ros2_ws_group_10/install/template_drone_control/share/ament_index/resource_index/package_run_dependencies/template_drone_control
[5.283s] -- Up-to-date: /home/lrs-ubuntu/LRS/ros2_ws_group_10/install/template_drone_control/share/ament_index/resource_index/parent_prefix_path/template_drone_control
[5.284s] -- Up-to-date: /home/lrs-ubuntu/LRS/ros2_ws_group_10/install/template_drone_control/share/template_drone_control/environment/ament_prefix_path.sh
[5.285s] -- Up-to-date: /home/lrs-ubuntu/LRS/ros2_ws_group_10/install/template_drone_control/share/template_drone_control/environment/ament_prefix_path.dsv
[5.289s] -- Up-to-date: /home/lrs-ubuntu/LRS/ros2_ws_group_10/install/template_drone_control/share/template_drone_control/environment/path.sh
[5.290s] -- Up-to-date: /home/lrs-ubuntu/LRS/ros2_ws_group_10/install/template_drone_control/share/template_drone_control/environment/path.dsv
[5.291s] -- Up-to-date: /home/lrs-ubuntu/LRS/ros2_ws_group_10/install/template_drone_control/share/template_drone_control/local_setup.bash
[5.292s] -- Up-to-date: /home/lrs-ubuntu/LRS/ros2_ws_group_10/install/template_drone_control/share/template_drone_control/local_setup.sh
[5.292s] -- Up-to-date: /home/lrs-ubuntu/LRS/ros2_ws_group_10/install/template_drone_control/share/template_drone_control/local_setup.zsh
[5.293s] -- Up-to-date: /home/lrs-ubuntu/LRS/ros2_ws_group_10/install/template_drone_control/share/template_drone_control/local_setup.dsv
[5.293s] -- Installing: /home/lrs-ubuntu/LRS/ros2_ws_group_10/install/template_drone_control/share/template_drone_control/package.dsv
[5.328s] -- Up-to-date: /home/lrs-ubuntu/LRS/ros2_ws_group_10/install/template_drone_control/share/ament_index/resource_index/packages/template_drone_control
[5.331s] -- Up-to-date: /home/lrs-ubuntu/LRS/ros2_ws_group_10/install/template_drone_control/share/template_drone_control/cmake/template_drone_controlConfig.cmake
[5.332s] -- Up-to-date: /home/lrs-ubuntu/LRS/ros2_ws_group_10/install/template_drone_control/share/template_drone_control/cmake/template_drone_controlConfig-version.cmake
[5.332s] -- Up-to-date: /home/lrs-ubuntu/LRS/ros2_ws_group_10/install/template_drone_control/share/template_drone_control/package.xml
[5.342s] Invoked command in '/home/lrs-ubuntu/LRS/ros2_ws_group_10/build/template_drone_control' returned '0': CMAKE_PREFIX_PATH=${CMAKE_PREFIX_PATH}:/opt/ros/foxy /usr/bin/cmake --install /home/lrs-ubuntu/LRS/ros2_ws_group_10/build/template_drone_control
