/home/lrs-ubuntu/LRS/ros2_ws_group_10/src/template_drone_control/src/template_drone_control_node.cpp:94:9: warning: multi-line comment [-Wcomment]
   94 |         // TODO: Arm and Take Off\
      |         ^
/home/lrs-ubuntu/LRS/ros2_ws_group_10/src/template_drone_control/src/template_drone_control_node.cpp: In constructor ‘TemplateDroneControl::TemplateDroneControl(const std::vector<std::vector<float> >&)’:
/home/lrs-ubuntu/LRS/ros2_ws_group_10/src/template_drone_control/src/template_drone_control_node.cpp:178:17: warning: comparison of integer expressions of different signedness: ‘int’ and ‘std::vector<std::vector<float> >::size_type’ {aka ‘long unsigned int’} [-Wsign-compare]
  178 |         while(i < coordinates_.size())
      |               ~~^~~~~~~~~~~~~~~~~~~~~
/home/lrs-ubuntu/LRS/ros2_ws_group_10/src/template_drone_control/src/template_drone_control_node.cpp: In member function ‘void TemplateDroneControl::publish(geometry_msgs::msg::PoseStamped)’:
/home/lrs-ubuntu/LRS/ros2_ws_group_10/src/template_drone_control/src/template_drone_control_node.cpp:294:56: warning: unused parameter ‘setpoint_to_send’ [-Wunused-parameter]
  294 |     void publish(const geometry_msgs::msg::PoseStamped setpoint_to_send)
      |                  ~~~~~~~~~~~~~~~~~~~~~~~~~~~~~~~~~~~~~~^~~~~~~~~~~~~~~~
/home/lrs-ubuntu/LRS/ros2_ws_group_10/src/template_drone_control/src/template_drone_control_node.cpp: In member function ‘void TemplateDroneControl::local_pos_cb(geometry_msgs::msg::PoseStamped_<std::allocator<void> >::SharedPtr)’:
/home/lrs-ubuntu/LRS/ros2_ws_group_10/src/template_drone_control/src/template_drone_control_node.cpp:313:43: warning: statement has no effect [-Wunused-value]
  313 |         currrent_local_pos_.pose.position.x;
      |         ~~~~~~~~~~~~~~~~~~~~~~~~~~~~~~~~~~^
/home/lrs-ubuntu/LRS/ros2_ws_group_10/src/template_drone_control/src/template_drone_control_node.cpp:314:43: warning: statement has no effect [-Wunused-value]
  314 |         currrent_local_pos_.pose.position.y;
      |         ~~~~~~~~~~~~~~~~~~~~~~~~~~~~~~~~~~^
/home/lrs-ubuntu/LRS/ros2_ws_group_10/src/template_drone_control/src/template_drone_control_node.cpp:315:43: warning: statement has no effect [-Wunused-value]
  315 |         currrent_local_pos_.pose.position.z;
      |         ~~~~~~~~~~~~~~~~~~~~~~~~~~~~~~~~~~^
