[0.137s] Invoking command in '/home/lrs-ubuntu/LRS/ros2_ws_group_10/src/template_drone_control/build/template_drone_control': CMAKE_PREFIX_PATH=/opt/ros/foxy /usr/bin/cmake --build /home/lrs-ubuntu/LRS/ros2_ws_group_10/src/template_drone_control/build/template_drone_control -- -j8 -l8
[0.492s] [35m[1mScanning dependencies of target template_drone_control_node[0m
[0.600s] [ 50%] [32mBuilding CXX object CMakeFiles/template_drone_control_node.dir/src/template_drone_control_node.cpp.o[0m
[26.753s] /home/lrs-ubuntu/LRS/ros2_ws_group_10/src/template_drone_control/src/template_drone_control_node.cpp:71:9: warning: multi-line comment [-Wcomment]
[26.754s]    71 |         // TODO: Arm and Take Off\
[26.754s]       |         ^
[26.754s] /home/lrs-ubuntu/LRS/ros2_ws_group_10/src/template_drone_control/src/template_drone_control_node.cpp: In member function ‘void TemplateDroneControl::publish(geometry_msgs::msg::PoseStamped)’:
[26.754s] /home/lrs-ubuntu/LRS/ros2_ws_group_10/src/template_drone_control/src/template_drone_control_node.cpp:96:56: warning: unused parameter ‘setpoint_to_send’ [-Wunused-parameter]
[26.754s]    96 |     void publish(const geometry_msgs::msg::PoseStamped setpoint_to_send)
[26.754s]       |                  ~~~~~~~~~~~~~~~~~~~~~~~~~~~~~~~~~~~~~~^~~~~~~~~~~~~~~~
[26.754s] /home/lrs-ubuntu/LRS/ros2_ws_group_10/src/template_drone_control/src/template_drone_control_node.cpp: In member function ‘void TemplateDroneControl::local_pos_cb(geometry_msgs::msg::PoseStamped_<std::allocator<void> >::SharedPtr)’:
[26.754s] /home/lrs-ubuntu/LRS/ros2_ws_group_10/src/template_drone_control/src/template_drone_control_node.cpp:115:42: warning: statement has no effect [-Wunused-value]
[26.755s]   115 |         current_local_pos_.pose.position.x;
[26.755s]       |         ~~~~~~~~~~~~~~~~~~~~~~~~~~~~~~~~~^
[26.755s] /home/lrs-ubuntu/LRS/ros2_ws_group_10/src/template_drone_control/src/template_drone_control_node.cpp:116:42: warning: statement has no effect [-Wunused-value]
[26.755s]   116 |         current_local_pos_.pose.position.y;
[26.766s]       |         ~~~~~~~~~~~~~~~~~~~~~~~~~~~~~~~~~^
[26.768s] /home/lrs-ubuntu/LRS/ros2_ws_group_10/src/template_drone_control/src/template_drone_control_node.cpp:117:42: warning: statement has no effect [-Wunused-value]
[26.770s]   117 |         current_local_pos_.pose.position.z;
[26.770s]       |         ~~~~~~~~~~~~~~~~~~~~~~~~~~~~~~~~~^
[26.935s] [100%] [32m[1mLinking CXX executable template_drone_control_node[0m
[30.606s] [100%] Built target template_drone_control_node
[30.635s] Invoked command in '/home/lrs-ubuntu/LRS/ros2_ws_group_10/src/template_drone_control/build/template_drone_control' returned '0': CMAKE_PREFIX_PATH=/opt/ros/foxy /usr/bin/cmake --build /home/lrs-ubuntu/LRS/ros2_ws_group_10/src/template_drone_control/build/template_drone_control -- -j8 -l8
[30.757s] Invoking command in '/home/lrs-ubuntu/LRS/ros2_ws_group_10/src/template_drone_control/build/template_drone_control': CMAKE_PREFIX_PATH=/opt/ros/foxy /usr/bin/cmake --install /home/lrs-ubuntu/LRS/ros2_ws_group_10/src/template_drone_control/build/template_drone_control
[30.851s] -- Install configuration: ""
[30.854s] -- Installing: /home/lrs-ubuntu/LRS/ros2_ws_group_10/src/template_drone_control/install/template_drone_control/lib/template_drone_control/template_drone_control_node
[30.868s] -- Set runtime path of "/home/lrs-ubuntu/LRS/ros2_ws_group_10/src/template_drone_control/install/template_drone_control/lib/template_drone_control/template_drone_control_node" to ""
[30.870s] -- Up-to-date: /home/lrs-ubuntu/LRS/ros2_ws_group_10/src/template_drone_control/install/template_drone_control/share/ament_index/resource_index/package_run_dependencies/template_drone_control
[30.871s] -- Up-to-date: /home/lrs-ubuntu/LRS/ros2_ws_group_10/src/template_drone_control/install/template_drone_control/share/ament_index/resource_index/parent_prefix_path/template_drone_control
[30.872s] -- Up-to-date: /home/lrs-ubuntu/LRS/ros2_ws_group_10/src/template_drone_control/install/template_drone_control/share/template_drone_control/environment/ament_prefix_path.sh
[30.872s] -- Up-to-date: /home/lrs-ubuntu/LRS/ros2_ws_group_10/src/template_drone_control/install/template_drone_control/share/template_drone_control/environment/ament_prefix_path.dsv
[30.872s] -- Up-to-date: /home/lrs-ubuntu/LRS/ros2_ws_group_10/src/template_drone_control/install/template_drone_control/share/template_drone_control/environment/path.sh
[30.872s] -- Up-to-date: /home/lrs-ubuntu/LRS/ros2_ws_group_10/src/template_drone_control/install/template_drone_control/share/template_drone_control/environment/path.dsv
[30.872s] -- Up-to-date: /home/lrs-ubuntu/LRS/ros2_ws_group_10/src/template_drone_control/install/template_drone_control/share/template_drone_control/local_setup.bash
[30.872s] -- Up-to-date: /home/lrs-ubuntu/LRS/ros2_ws_group_10/src/template_drone_control/install/template_drone_control/share/template_drone_control/local_setup.sh
[30.872s] -- Up-to-date: /home/lrs-ubuntu/LRS/ros2_ws_group_10/src/template_drone_control/install/template_drone_control/share/template_drone_control/local_setup.zsh
[30.872s] -- Up-to-date: /home/lrs-ubuntu/LRS/ros2_ws_group_10/src/template_drone_control/install/template_drone_control/share/template_drone_control/local_setup.dsv
[30.872s] -- Installing: /home/lrs-ubuntu/LRS/ros2_ws_group_10/src/template_drone_control/install/template_drone_control/share/template_drone_control/package.dsv
[30.903s] -- Up-to-date: /home/lrs-ubuntu/LRS/ros2_ws_group_10/src/template_drone_control/install/template_drone_control/share/ament_index/resource_index/packages/template_drone_control
[30.905s] -- Up-to-date: /home/lrs-ubuntu/LRS/ros2_ws_group_10/src/template_drone_control/install/template_drone_control/share/template_drone_control/cmake/template_drone_controlConfig.cmake
[30.906s] -- Up-to-date: /home/lrs-ubuntu/LRS/ros2_ws_group_10/src/template_drone_control/install/template_drone_control/share/template_drone_control/cmake/template_drone_controlConfig-version.cmake
[30.906s] -- Up-to-date: /home/lrs-ubuntu/LRS/ros2_ws_group_10/src/template_drone_control/install/template_drone_control/share/template_drone_control/package.xml
[30.915s] Invoked command in '/home/lrs-ubuntu/LRS/ros2_ws_group_10/src/template_drone_control/build/template_drone_control' returned '0': CMAKE_PREFIX_PATH=/opt/ros/foxy /usr/bin/cmake --install /home/lrs-ubuntu/LRS/ros2_ws_group_10/src/template_drone_control/build/template_drone_control
