[1.366s] DEBUG:colcon:Command line arguments: ['/usr/bin/colcon', 'build']
[1.367s] DEBUG:colcon:Parsed command line arguments: Namespace(allow_overriding=[], ament_cmake_args=None, base_paths=['.'], build_base='build', catkin_cmake_args=None, catkin_skip_building_tests=False, cmake_args=None, cmake_clean_cache=False, cmake_clean_first=False, cmake_force_configure=False, cmake_target=None, cmake_target_skip_unavailable=False, continue_on_error=False, event_handlers=None, executor='parallel', ignore_user_meta=False, install_base='install', log_base=None, log_level=None, main=<bound method BuildVerb.main of <colcon_core.verb.build.BuildVerb object at 0x7f8dc382b460>>, merge_install=False, metas=['./colcon.meta'], packages_above=None, packages_above_and_dependencies=None, packages_above_depth=None, packages_end=None, packages_ignore=None, packages_ignore_regex=None, packages_select=None, packages_select_build_failed=False, packages_select_by_dep=None, packages_select_regex=None, packages_select_test_failures=False, packages_skip=None, packages_skip_build_finished=False, packages_skip_by_dep=None, packages_skip_regex=None, packages_skip_test_passed=False, packages_skip_up_to=None, packages_start=None, packages_up_to=None, packages_up_to_regex=None, parallel_workers=8, paths=None, symlink_install=False, test_result_base=None, verb_extension=<colcon_core.verb.build.BuildVerb object at 0x7f8dc382b460>, verb_name='build', verb_parser=<colcon_defaults.argument_parser.defaults.DefaultArgumentsDecorator object at 0x7f8dc382b9a0>)
[1.456s] Level 1:colcon.colcon_core.package_discovery:discover_packages(colcon_meta) check parameters
[1.456s] Level 1:colcon.colcon_core.package_discovery:discover_packages(recursive) check parameters
[1.456s] Level 1:colcon.colcon_core.package_discovery:discover_packages(ignore) check parameters
[1.456s] Level 1:colcon.colcon_core.package_discovery:discover_packages(path) check parameters
[1.456s] Level 1:colcon.colcon_core.package_discovery:discover_packages(colcon_meta) discover
[1.457s] Level 1:colcon.colcon_core.package_discovery:discover_packages(recursive) discover
[1.457s] INFO:colcon.colcon_core.package_discovery:Crawling recursively for packages in '/home/lrs-ubuntu/LRS/ros2_ws_group_10'
[1.457s] Level 1:colcon.colcon_core.package_identification:_identify(.) by extensions ['ignore', 'ignore_ament_install']
[1.457s] Level 1:colcon.colcon_core.package_identification:_identify(.) by extension 'ignore'
[1.457s] Level 1:colcon.colcon_core.package_identification:_identify(.) by extension 'ignore_ament_install'
[1.457s] Level 1:colcon.colcon_core.package_identification:_identify(.) by extensions ['colcon_pkg']
[1.457s] Level 1:colcon.colcon_core.package_identification:_identify(.) by extension 'colcon_pkg'
[1.457s] Level 1:colcon.colcon_core.package_identification:_identify(.) by extensions ['colcon_meta']
[1.458s] Level 1:colcon.colcon_core.package_identification:_identify(.) by extension 'colcon_meta'
[1.458s] Level 1:colcon.colcon_core.package_identification:_identify(.) by extensions ['ros']
[1.458s] Level 1:colcon.colcon_core.package_identification:_identify(.) by extension 'ros'
[1.582s] Level 1:colcon.colcon_core.package_identification:_identify(.) by extensions ['cmake', 'python']
[1.582s] Level 1:colcon.colcon_core.package_identification:_identify(.) by extension 'cmake'
[1.582s] Level 1:colcon.colcon_core.package_identification:_identify(.) by extension 'python'
[1.582s] Level 1:colcon.colcon_core.package_identification:_identify(.) by extensions ['python_setup_py']
[1.582s] Level 1:colcon.colcon_core.package_identification:_identify(.) by extension 'python_setup_py'
[1.583s] Level 1:colcon.colcon_core.package_identification:_identify(build) by extensions ['ignore', 'ignore_ament_install']
[1.583s] Level 1:colcon.colcon_core.package_identification:_identify(build) by extension 'ignore'
[1.583s] Level 1:colcon.colcon_core.package_identification:_identify(build) ignored
[1.583s] Level 1:colcon.colcon_core.package_identification:_identify(install) by extensions ['ignore', 'ignore_ament_install']
[1.583s] Level 1:colcon.colcon_core.package_identification:_identify(install) by extension 'ignore'
[1.583s] Level 1:colcon.colcon_core.package_identification:_identify(install) ignored
[1.583s] Level 1:colcon.colcon_core.package_identification:_identify(log) by extensions ['ignore', 'ignore_ament_install']
[1.583s] Level 1:colcon.colcon_core.package_identification:_identify(log) by extension 'ignore'
[1.584s] Level 1:colcon.colcon_core.package_identification:_identify(log) ignored
[1.584s] Level 1:colcon.colcon_core.package_identification:_identify(src) by extensions ['ignore', 'ignore_ament_install']
[1.584s] Level 1:colcon.colcon_core.package_identification:_identify(src) by extension 'ignore'
[1.584s] Level 1:colcon.colcon_core.package_identification:_identify(src) by extension 'ignore_ament_install'
[1.584s] Level 1:colcon.colcon_core.package_identification:_identify(src) by extensions ['colcon_pkg']
[1.584s] Level 1:colcon.colcon_core.package_identification:_identify(src) by extension 'colcon_pkg'
[1.584s] Level 1:colcon.colcon_core.package_identification:_identify(src) by extensions ['colcon_meta']
[1.584s] Level 1:colcon.colcon_core.package_identification:_identify(src) by extension 'colcon_meta'
[1.584s] Level 1:colcon.colcon_core.package_identification:_identify(src) by extensions ['ros']
[1.584s] Level 1:colcon.colcon_core.package_identification:_identify(src) by extension 'ros'
[1.584s] Level 1:colcon.colcon_core.package_identification:_identify(src) by extensions ['cmake', 'python']
[1.584s] Level 1:colcon.colcon_core.package_identification:_identify(src) by extension 'cmake'
[1.584s] Level 1:colcon.colcon_core.package_identification:_identify(src) by extension 'python'
[1.584s] Level 1:colcon.colcon_core.package_identification:_identify(src) by extensions ['python_setup_py']
[1.585s] Level 1:colcon.colcon_core.package_identification:_identify(src) by extension 'python_setup_py'
[1.585s] Level 1:colcon.colcon_core.package_identification:_identify(src/build) by extensions ['ignore', 'ignore_ament_install']
[1.585s] Level 1:colcon.colcon_core.package_identification:_identify(src/build) by extension 'ignore'
[1.585s] Level 1:colcon.colcon_core.package_identification:_identify(src/build) ignored
[1.585s] Level 1:colcon.colcon_core.package_identification:_identify(src/install) by extensions ['ignore', 'ignore_ament_install']
[1.585s] Level 1:colcon.colcon_core.package_identification:_identify(src/install) by extension 'ignore'
[1.585s] Level 1:colcon.colcon_core.package_identification:_identify(src/install) ignored
[1.586s] Level 1:colcon.colcon_core.package_identification:_identify(src/log) by extensions ['ignore', 'ignore_ament_install']
[1.586s] Level 1:colcon.colcon_core.package_identification:_identify(src/log) by extension 'ignore'
[1.586s] Level 1:colcon.colcon_core.package_identification:_identify(src/log) ignored
[1.586s] Level 1:colcon.colcon_core.package_identification:_identify(src/template_drone_control) by extensions ['ignore', 'ignore_ament_install']
[1.586s] Level 1:colcon.colcon_core.package_identification:_identify(src/template_drone_control) by extension 'ignore'
[1.586s] Level 1:colcon.colcon_core.package_identification:_identify(src/template_drone_control) by extension 'ignore_ament_install'
[1.587s] Level 1:colcon.colcon_core.package_identification:_identify(src/template_drone_control) by extensions ['colcon_pkg']
[1.587s] Level 1:colcon.colcon_core.package_identification:_identify(src/template_drone_control) by extension 'colcon_pkg'
[1.587s] Level 1:colcon.colcon_core.package_identification:_identify(src/template_drone_control) by extensions ['colcon_meta']
[1.587s] Level 1:colcon.colcon_core.package_identification:_identify(src/template_drone_control) by extension 'colcon_meta'
[1.588s] Level 1:colcon.colcon_core.package_identification:_identify(src/template_drone_control) by extensions ['ros']
[1.588s] Level 1:colcon.colcon_core.package_identification:_identify(src/template_drone_control) by extension 'ros'
[1.601s] DEBUG:colcon.colcon_core.package_identification:Package 'src/template_drone_control' with type 'ros.ament_cmake' and name 'template_drone_control'
[1.602s] Level 1:colcon.colcon_core.package_identification:_identify(tutorial) by extensions ['ignore', 'ignore_ament_install']
[1.603s] Level 1:colcon.colcon_core.package_identification:_identify(tutorial) by extension 'ignore'
[1.603s] Level 1:colcon.colcon_core.package_identification:_identify(tutorial) by extension 'ignore_ament_install'
[1.603s] Level 1:colcon.colcon_core.package_identification:_identify(tutorial) by extensions ['colcon_pkg']
[1.603s] Level 1:colcon.colcon_core.package_identification:_identify(tutorial) by extension 'colcon_pkg'
[1.603s] Level 1:colcon.colcon_core.package_identification:_identify(tutorial) by extensions ['colcon_meta']
[1.603s] Level 1:colcon.colcon_core.package_identification:_identify(tutorial) by extension 'colcon_meta'
[1.604s] Level 1:colcon.colcon_core.package_identification:_identify(tutorial) by extensions ['ros']
[1.604s] Level 1:colcon.colcon_core.package_identification:_identify(tutorial) by extension 'ros'
[1.604s] Level 1:colcon.colcon_core.package_identification:_identify(tutorial) by extensions ['cmake', 'python']
[1.604s] Level 1:colcon.colcon_core.package_identification:_identify(tutorial) by extension 'cmake'
[1.604s] Level 1:colcon.colcon_core.package_identification:_identify(tutorial) by extension 'python'
[1.604s] Level 1:colcon.colcon_core.package_identification:_identify(tutorial) by extensions ['python_setup_py']
[1.604s] Level 1:colcon.colcon_core.package_identification:_identify(tutorial) by extension 'python_setup_py'
[1.604s] Level 1:colcon.colcon_core.package_identification:_identify(tutorial/bfs_ff) by extensions ['ignore', 'ignore_ament_install']
[1.604s] Level 1:colcon.colcon_core.package_identification:_identify(tutorial/bfs_ff) by extension 'ignore'
[1.604s] Level 1:colcon.colcon_core.package_identification:_identify(tutorial/bfs_ff) by extension 'ignore_ament_install'
[1.605s] Level 1:colcon.colcon_core.package_identification:_identify(tutorial/bfs_ff) by extensions ['colcon_pkg']
[1.605s] Level 1:colcon.colcon_core.package_identification:_identify(tutorial/bfs_ff) by extension 'colcon_pkg'
[1.605s] Level 1:colcon.colcon_core.package_identification:_identify(tutorial/bfs_ff) by extensions ['colcon_meta']
[1.605s] Level 1:colcon.colcon_core.package_identification:_identify(tutorial/bfs_ff) by extension 'colcon_meta'
[1.605s] Level 1:colcon.colcon_core.package_identification:_identify(tutorial/bfs_ff) by extensions ['ros']
[1.605s] Level 1:colcon.colcon_core.package_identification:_identify(tutorial/bfs_ff) by extension 'ros'
[1.605s] Level 1:colcon.colcon_core.package_identification:_identify(tutorial/bfs_ff) by extensions ['cmake', 'python']
[1.605s] Level 1:colcon.colcon_core.package_identification:_identify(tutorial/bfs_ff) by extension 'cmake'
[1.605s] Level 1:colcon.colcon_core.package_identification:_identify(tutorial/bfs_ff) by extension 'python'
[1.605s] Level 1:colcon.colcon_core.package_identification:_identify(tutorial/bfs_ff) by extensions ['python_setup_py']
[1.605s] Level 1:colcon.colcon_core.package_identification:_identify(tutorial/bfs_ff) by extension 'python_setup_py'
[1.605s] Level 1:colcon.colcon_core.package_identification:_identify(tutorial/bfs_ff/__pycache__) by extensions ['ignore', 'ignore_ament_install']
[1.605s] Level 1:colcon.colcon_core.package_identification:_identify(tutorial/bfs_ff/__pycache__) by extension 'ignore'
[1.605s] Level 1:colcon.colcon_core.package_identification:_identify(tutorial/bfs_ff/__pycache__) by extension 'ignore_ament_install'
[1.605s] Level 1:colcon.colcon_core.package_identification:_identify(tutorial/bfs_ff/__pycache__) by extensions ['colcon_pkg']
[1.605s] Level 1:colcon.colcon_core.package_identification:_identify(tutorial/bfs_ff/__pycache__) by extension 'colcon_pkg'
[1.605s] Level 1:colcon.colcon_core.package_identification:_identify(tutorial/bfs_ff/__pycache__) by extensions ['colcon_meta']
[1.605s] Level 1:colcon.colcon_core.package_identification:_identify(tutorial/bfs_ff/__pycache__) by extension 'colcon_meta'
[1.605s] Level 1:colcon.colcon_core.package_identification:_identify(tutorial/bfs_ff/__pycache__) by extensions ['ros']
[1.606s] Level 1:colcon.colcon_core.package_identification:_identify(tutorial/bfs_ff/__pycache__) by extension 'ros'
[1.606s] Level 1:colcon.colcon_core.package_identification:_identify(tutorial/bfs_ff/__pycache__) by extensions ['cmake', 'python']
[1.606s] Level 1:colcon.colcon_core.package_identification:_identify(tutorial/bfs_ff/__pycache__) by extension 'cmake'
[1.606s] Level 1:colcon.colcon_core.package_identification:_identify(tutorial/bfs_ff/__pycache__) by extension 'python'
[1.606s] Level 1:colcon.colcon_core.package_identification:_identify(tutorial/bfs_ff/__pycache__) by extensions ['python_setup_py']
[1.606s] Level 1:colcon.colcon_core.package_identification:_identify(tutorial/bfs_ff/__pycache__) by extension 'python_setup_py'
[1.606s] Level 1:colcon.colcon_core.package_discovery:discover_packages(recursive) using defaults
[1.606s] Level 1:colcon.colcon_core.package_discovery:discover_packages(ignore) discover
[1.606s] Level 1:colcon.colcon_core.package_discovery:discover_packages(ignore) using defaults
[1.606s] Level 1:colcon.colcon_core.package_discovery:discover_packages(path) discover
[1.606s] Level 1:colcon.colcon_core.package_discovery:discover_packages(path) using defaults
[1.730s] Level 1:colcon.colcon_core.package_discovery:discover_packages(prefix_path) check parameters
[1.731s] Level 1:colcon.colcon_core.package_discovery:discover_packages(prefix_path) discover
[1.749s] DEBUG:colcon.colcon_installed_package_information.package_discovery:Found 1 installed packages in /home/lrs-ubuntu/LRS/ros2_ws_group_10/install
[1.757s] DEBUG:colcon.colcon_installed_package_information.package_discovery:Found 174 installed packages in /opt/ros/foxy
[1.767s] Level 1:colcon.colcon_core.package_discovery:discover_packages(prefix_path) using defaults
[2.061s] Level 5:colcon.colcon_core.verb:set package 'template_drone_control' build argument 'cmake_args' from command line to 'None'
[2.061s] Level 5:colcon.colcon_core.verb:set package 'template_drone_control' build argument 'cmake_target' from command line to 'None'
[2.061s] Level 5:colcon.colcon_core.verb:set package 'template_drone_control' build argument 'cmake_target_skip_unavailable' from command line to 'False'
[2.061s] Level 5:colcon.colcon_core.verb:set package 'template_drone_control' build argument 'cmake_clean_cache' from command line to 'False'
[2.061s] Level 5:colcon.colcon_core.verb:set package 'template_drone_control' build argument 'cmake_clean_first' from command line to 'False'
[2.061s] Level 5:colcon.colcon_core.verb:set package 'template_drone_control' build argument 'cmake_force_configure' from command line to 'False'
[2.062s] Level 5:colcon.colcon_core.verb:set package 'template_drone_control' build argument 'ament_cmake_args' from command line to 'None'
[2.062s] Level 5:colcon.colcon_core.verb:set package 'template_drone_control' build argument 'catkin_cmake_args' from command line to 'None'
[2.062s] Level 5:colcon.colcon_core.verb:set package 'template_drone_control' build argument 'catkin_skip_building_tests' from command line to 'False'
[2.062s] DEBUG:colcon.colcon_core.verb:Building package 'template_drone_control' with the following arguments: {'ament_cmake_args': None, 'build_base': '/home/lrs-ubuntu/LRS/ros2_ws_group_10/build/template_drone_control', 'catkin_cmake_args': None, 'catkin_skip_building_tests': False, 'cmake_args': None, 'cmake_clean_cache': False, 'cmake_clean_first': False, 'cmake_force_configure': False, 'cmake_target': None, 'cmake_target_skip_unavailable': False, 'install_base': '/home/lrs-ubuntu/LRS/ros2_ws_group_10/install/template_drone_control', 'merge_install': False, 'path': '/home/lrs-ubuntu/LRS/ros2_ws_group_10/src/template_drone_control', 'symlink_install': False, 'test_result_base': None}
[2.068s] INFO:colcon.colcon_core.executor:Executing jobs using 'parallel' executor
[2.079s] DEBUG:colcon.colcon_parallel_executor.executor.parallel:run_until_complete
[2.080s] INFO:colcon.colcon_ros.task.ament_cmake.build:Building ROS package in '/home/lrs-ubuntu/LRS/ros2_ws_group_10/src/template_drone_control' with build type 'ament_cmake'
[2.080s] INFO:colcon.colcon_cmake.task.cmake.build:Building CMake package in '/home/lrs-ubuntu/LRS/ros2_ws_group_10/src/template_drone_control'
[2.127s] INFO:colcon.colcon_core.plugin_system:Skipping extension 'colcon_core.shell.bat': Not used on non-Windows systems
[2.128s] INFO:colcon.colcon_core.shell:Skip shell extension 'powershell' for command environment: Not usable outside of PowerShell
[2.128s] DEBUG:colcon.colcon_core.shell:Skip shell extension 'dsv' for command environment
[2.177s] DEBUG:colcon.colcon_core.event_handler.log_command:Invoking command in '/home/lrs-ubuntu/LRS/ros2_ws_group_10/build/template_drone_control': CMAKE_PREFIX_PATH=${CMAKE_PREFIX_PATH}:/opt/ros/foxy /usr/bin/cmake --build /home/lrs-ubuntu/LRS/ros2_ws_group_10/build/template_drone_control -- -j8 -l8
[32.030s] DEBUG:colcon.colcon_core.event_handler.log_command:Invoked command in '/home/lrs-ubuntu/LRS/ros2_ws_group_10/build/template_drone_control' returned '0': CMAKE_PREFIX_PATH=${CMAKE_PREFIX_PATH}:/opt/ros/foxy /usr/bin/cmake --build /home/lrs-ubuntu/LRS/ros2_ws_group_10/build/template_drone_control -- -j8 -l8
[32.130s] DEBUG:colcon.colcon_core.event_handler.log_command:Invoking command in '/home/lrs-ubuntu/LRS/ros2_ws_group_10/build/template_drone_control': CMAKE_PREFIX_PATH=${CMAKE_PREFIX_PATH}:/opt/ros/foxy /usr/bin/cmake --install /home/lrs-ubuntu/LRS/ros2_ws_group_10/build/template_drone_control
[32.194s] Level 1:colcon.colcon_core.environment:create_environment_scripts_only(template_drone_control)
[32.196s] DEBUG:colcon.colcon_core.event_handler.log_command:Invoked command in '/home/lrs-ubuntu/LRS/ros2_ws_group_10/build/template_drone_control' returned '0': CMAKE_PREFIX_PATH=${CMAKE_PREFIX_PATH}:/opt/ros/foxy /usr/bin/cmake --install /home/lrs-ubuntu/LRS/ros2_ws_group_10/build/template_drone_control
[32.228s] Level 1:colcon.colcon_core.environment:checking '/home/lrs-ubuntu/LRS/ros2_ws_group_10/install/template_drone_control' for CMake module files
[32.229s] Level 1:colcon.colcon_core.environment:checking '/home/lrs-ubuntu/LRS/ros2_ws_group_10/install/template_drone_control' for CMake config files
[32.230s] Level 1:colcon.colcon_core.shell:create_environment_hook('template_drone_control', 'cmake_prefix_path')
[32.232s] INFO:colcon.colcon_core.shell:Creating environment hook '/home/lrs-ubuntu/LRS/ros2_ws_group_10/install/template_drone_control/share/template_drone_control/hook/cmake_prefix_path.ps1'
[32.234s] INFO:colcon.colcon_core.shell:Creating environment descriptor '/home/lrs-ubuntu/LRS/ros2_ws_group_10/install/template_drone_control/share/template_drone_control/hook/cmake_prefix_path.dsv'
[32.252s] INFO:colcon.colcon_core.shell:Creating environment hook '/home/lrs-ubuntu/LRS/ros2_ws_group_10/install/template_drone_control/share/template_drone_control/hook/cmake_prefix_path.sh'
[32.255s] Level 1:colcon.colcon_core.environment:checking '/home/lrs-ubuntu/LRS/ros2_ws_group_10/install/template_drone_control/lib'
[32.255s] Level 1:colcon.colcon_core.environment:checking '/home/lrs-ubuntu/LRS/ros2_ws_group_10/install/template_drone_control/bin'
[32.256s] Level 1:colcon.colcon_core.environment:checking '/home/lrs-ubuntu/LRS/ros2_ws_group_10/install/template_drone_control/lib/pkgconfig/template_drone_control.pc'
[32.256s] Level 1:colcon.colcon_core.environment:checking '/home/lrs-ubuntu/LRS/ros2_ws_group_10/install/template_drone_control/lib/python3.8/site-packages'
[32.256s] Level 1:colcon.colcon_core.environment:checking '/home/lrs-ubuntu/LRS/ros2_ws_group_10/install/template_drone_control/bin'
[32.261s] INFO:colcon.colcon_core.shell:Creating package script '/home/lrs-ubuntu/LRS/ros2_ws_group_10/install/template_drone_control/share/template_drone_control/package.ps1'
[32.267s] INFO:colcon.colcon_core.shell:Creating package descriptor '/home/lrs-ubuntu/LRS/ros2_ws_group_10/install/template_drone_control/share/template_drone_control/package.dsv'
[32.281s] INFO:colcon.colcon_core.shell:Creating package script '/home/lrs-ubuntu/LRS/ros2_ws_group_10/install/template_drone_control/share/template_drone_control/package.sh'
[32.284s] INFO:colcon.colcon_core.shell:Creating package script '/home/lrs-ubuntu/LRS/ros2_ws_group_10/install/template_drone_control/share/template_drone_control/package.bash'
[32.289s] INFO:colcon.colcon_core.shell:Creating package script '/home/lrs-ubuntu/LRS/ros2_ws_group_10/install/template_drone_control/share/template_drone_control/package.zsh'
[32.292s] Level 1:colcon.colcon_core.environment:create_file_with_runtime_dependencies(/home/lrs-ubuntu/LRS/ros2_ws_group_10/install/template_drone_control/share/colcon-core/packages/template_drone_control)
[32.371s] Level 1:colcon.colcon_core.environment:create_environment_scripts_only(template_drone_control)
[32.377s] Level 1:colcon.colcon_core.environment:checking '/home/lrs-ubuntu/LRS/ros2_ws_group_10/install/template_drone_control' for CMake module files
[32.379s] Level 1:colcon.colcon_core.environment:checking '/home/lrs-ubuntu/LRS/ros2_ws_group_10/install/template_drone_control' for CMake config files
[32.382s] Level 1:colcon.colcon_core.shell:create_environment_hook('template_drone_control', 'cmake_prefix_path')
[32.388s] INFO:colcon.colcon_core.shell:Creating environment hook '/home/lrs-ubuntu/LRS/ros2_ws_group_10/install/template_drone_control/share/template_drone_control/hook/cmake_prefix_path.ps1'
[32.392s] INFO:colcon.colcon_core.shell:Creating environment descriptor '/home/lrs-ubuntu/LRS/ros2_ws_group_10/install/template_drone_control/share/template_drone_control/hook/cmake_prefix_path.dsv'
[32.406s] INFO:colcon.colcon_core.shell:Creating environment hook '/home/lrs-ubuntu/LRS/ros2_ws_group_10/install/template_drone_control/share/template_drone_control/hook/cmake_prefix_path.sh'
[32.409s] Level 1:colcon.colcon_core.environment:checking '/home/lrs-ubuntu/LRS/ros2_ws_group_10/install/template_drone_control/lib'
[32.410s] Level 1:colcon.colcon_core.environment:checking '/home/lrs-ubuntu/LRS/ros2_ws_group_10/install/template_drone_control/bin'
[32.410s] Level 1:colcon.colcon_core.environment:checking '/home/lrs-ubuntu/LRS/ros2_ws_group_10/install/template_drone_control/lib/pkgconfig/template_drone_control.pc'
[32.411s] Level 1:colcon.colcon_core.environment:checking '/home/lrs-ubuntu/LRS/ros2_ws_group_10/install/template_drone_control/lib/python3.8/site-packages'
[32.411s] Level 1:colcon.colcon_core.environment:checking '/home/lrs-ubuntu/LRS/ros2_ws_group_10/install/template_drone_control/bin'
[32.415s] INFO:colcon.colcon_core.shell:Creating package script '/home/lrs-ubuntu/LRS/ros2_ws_group_10/install/template_drone_control/share/template_drone_control/package.ps1'
[32.416s] INFO:colcon.colcon_core.shell:Creating package descriptor '/home/lrs-ubuntu/LRS/ros2_ws_group_10/install/template_drone_control/share/template_drone_control/package.dsv'
[32.437s] INFO:colcon.colcon_core.shell:Creating package script '/home/lrs-ubuntu/LRS/ros2_ws_group_10/install/template_drone_control/share/template_drone_control/package.sh'
[32.440s] INFO:colcon.colcon_core.shell:Creating package script '/home/lrs-ubuntu/LRS/ros2_ws_group_10/install/template_drone_control/share/template_drone_control/package.bash'
[32.442s] INFO:colcon.colcon_core.shell:Creating package script '/home/lrs-ubuntu/LRS/ros2_ws_group_10/install/template_drone_control/share/template_drone_control/package.zsh'
[32.443s] Level 1:colcon.colcon_core.environment:create_file_with_runtime_dependencies(/home/lrs-ubuntu/LRS/ros2_ws_group_10/install/template_drone_control/share/colcon-core/packages/template_drone_control)
[32.444s] DEBUG:colcon.colcon_parallel_executor.executor.parallel:closing loop
[32.444s] DEBUG:colcon.colcon_parallel_executor.executor.parallel:loop closed
[32.444s] DEBUG:colcon.colcon_parallel_executor.executor.parallel:run_until_complete finished with '0'
[32.444s] DEBUG:colcon.colcon_core.event_reactor:joining thread
[32.472s] INFO:colcon.colcon_core.plugin_system:Skipping extension 'colcon_notification.desktop_notification.terminal_notifier': Not used on non-Darwin systems
[32.472s] INFO:colcon.colcon_core.plugin_system:Skipping extension 'colcon_notification.desktop_notification.win32': Not used on non-Windows systems
[32.472s] INFO:colcon.colcon_notification.desktop_notification:Sending desktop notification using 'notify2'
[32.519s] DEBUG:colcon.colcon_core.event_reactor:joined thread
[32.523s] INFO:colcon.colcon_core.shell:Creating prefix script '/home/lrs-ubuntu/LRS/ros2_ws_group_10/install/local_setup.ps1'
[32.557s] INFO:colcon.colcon_core.shell:Creating prefix util module '/home/lrs-ubuntu/LRS/ros2_ws_group_10/install/_local_setup_util_ps1.py'
[32.571s] INFO:colcon.colcon_core.shell:Creating prefix chain script '/home/lrs-ubuntu/LRS/ros2_ws_group_10/install/setup.ps1'
[32.579s] INFO:colcon.colcon_core.shell:Creating prefix script '/home/lrs-ubuntu/LRS/ros2_ws_group_10/install/local_setup.sh'
[32.584s] INFO:colcon.colcon_core.shell:Creating prefix util module '/home/lrs-ubuntu/LRS/ros2_ws_group_10/install/_local_setup_util_sh.py'
[32.585s] INFO:colcon.colcon_core.shell:Creating prefix chain script '/home/lrs-ubuntu/LRS/ros2_ws_group_10/install/setup.sh'
[32.587s] INFO:colcon.colcon_core.shell:Creating prefix script '/home/lrs-ubuntu/LRS/ros2_ws_group_10/install/local_setup.bash'
[32.592s] INFO:colcon.colcon_core.shell:Creating prefix chain script '/home/lrs-ubuntu/LRS/ros2_ws_group_10/install/setup.bash'
[32.604s] INFO:colcon.colcon_core.shell:Creating prefix script '/home/lrs-ubuntu/LRS/ros2_ws_group_10/install/local_setup.zsh'
[32.611s] INFO:colcon.colcon_core.shell:Creating prefix chain script '/home/lrs-ubuntu/LRS/ros2_ws_group_10/install/setup.zsh'
