[0.040s] Invoking command in '/home/lrs-ubuntu/LRS/ros2_ws_group_10/src/template_drone_control/build/template_drone_control': CMAKE_PREFIX_PATH=/opt/ros/foxy /usr/bin/cmake /home/lrs-ubuntu/LRS/ros2_ws_group_10/src/template_drone_control -DCMAKE_INSTALL_PREFIX=/home/lrs-ubuntu/LRS/ros2_ws_group_10/src/template_drone_control/install/template_drone_control
[0.328s] -- The C compiler identification is GNU 9.4.0
[0.550s] -- The CXX compiler identification is GNU 9.4.0
[0.581s] -- Check for working C compiler: /usr/lib/ccache/cc
[0.704s] -- Check for working C compiler: /usr/lib/ccache/cc -- works
[0.717s] -- Detecting C compiler ABI info
[0.794s] -- Detecting C compiler ABI info - done
[0.819s] -- Detecting C compile features
[0.820s] -- Detecting C compile features - done
[0.825s] -- Check for working CXX compiler: /usr/lib/ccache/g++
[0.983s] -- Check for working CXX compiler: /usr/lib/ccache/g++ -- works
[0.985s] -- Detecting CXX compiler ABI info
[1.057s] -- Detecting CXX compiler ABI info - done
[1.070s] -- Detecting CXX compile features
[1.071s] -- Detecting CXX compile features - done
[1.086s] -- Found ament_cmake: 0.9.12 (/opt/ros/foxy/share/ament_cmake/cmake)
[1.164s] -- Found PythonInterp: /usr/bin/python3 (found suitable version "3.8.10", minimum required is "3") 
[1.164s] -- Using PYTHON_EXECUTABLE: /usr/bin/python3
[1.513s] -- Found rclcpp: 2.4.3 (/opt/ros/foxy/share/rclcpp/cmake)
[1.939s] -- Using all available rosidl_typesupport_c: rosidl_typesupport_fastrtps_c;rosidl_typesupport_introspection_c
[1.953s] -- Found rosidl_adapter: 1.3.1 (/opt/ros/foxy/share/rosidl_adapter/cmake)
[2.219s] -- Found OpenSSL: /usr/lib/x86_64-linux-gnu/libcrypto.so (found version "1.1.1f")  
[2.278s] -- Found FastRTPS: /opt/ros/foxy/include  
[2.504s] -- Using all available rosidl_typesupport_cpp: rosidl_typesupport_fastrtps_cpp;rosidl_typesupport_introspection_cpp
[3.126s] -- Found rmw_implementation_cmake: 1.0.4 (/opt/ros/foxy/share/rmw_implementation_cmake/cmake)
[3.139s] -- Using RMW implementation 'rmw_fastrtps_cpp' as default
[3.148s] -- Looking for pthread.h
[3.443s] -- Looking for pthread.h - found
[3.443s] -- Performing Test CMAKE_HAVE_LIBC_PTHREAD
[3.706s] -- Performing Test CMAKE_HAVE_LIBC_PTHREAD - Failed
[3.706s] -- Looking for pthread_create in pthreads
[3.816s] -- Looking for pthread_create in pthreads - not found
[3.816s] -- Looking for pthread_create in pthread
[3.900s] -- Looking for pthread_create in pthread - found
[3.902s] -- Found Threads: TRUE  
[4.246s] -- Found geometry_msgs: 2.0.5 (/opt/ros/foxy/share/geometry_msgs/cmake)
[4.300s] -- Found mavros_msgs: 2.4.0 (/opt/ros/foxy/share/mavros_msgs/cmake)
[4.999s] -- Configuring done
[5.009s] -- Generating done
[5.011s] -- Build files have been written to: /home/lrs-ubuntu/LRS/ros2_ws_group_10/src/template_drone_control/build/template_drone_control
[5.019s] Invoked command in '/home/lrs-ubuntu/LRS/ros2_ws_group_10/src/template_drone_control/build/template_drone_control' returned '0': CMAKE_PREFIX_PATH=/opt/ros/foxy /usr/bin/cmake /home/lrs-ubuntu/LRS/ros2_ws_group_10/src/template_drone_control -DCMAKE_INSTALL_PREFIX=/home/lrs-ubuntu/LRS/ros2_ws_group_10/src/template_drone_control/install/template_drone_control
[5.023s] Invoking command in '/home/lrs-ubuntu/LRS/ros2_ws_group_10/src/template_drone_control/build/template_drone_control': CMAKE_PREFIX_PATH=/opt/ros/foxy /usr/bin/cmake --build /home/lrs-ubuntu/LRS/ros2_ws_group_10/src/template_drone_control/build/template_drone_control -- -j8 -l8
[5.065s] [35m[1mScanning dependencies of target template_drone_control_node[0m
[5.123s] [ 50%] [32mBuilding CXX object CMakeFiles/template_drone_control_node.dir/src/template_drone_control_node.cpp.o[0m
[11.169s] /home/lrs-ubuntu/LRS/ros2_ws_group_10/src/template_drone_control/src/template_drone_control_node.cpp: In function ‘void nacitatMapu()’:
[11.170s] /home/lrs-ubuntu/LRS/ros2_ws_group_10/src/template_drone_control/src/template_drone_control_node.cpp:93:28: warning: format ‘%s’ expects argument of type ‘char*’, but argument 3 has type ‘char (*)[2]’ [-Wformat=]
[11.170s]    93 |             fscanf(pArq, "%s", &line1);
[11.170s]       |                           ~^   ~~~~~~
[11.170s]       |                            |   |
[11.170s]       |                            |   char (*)[2]
[11.170s]       |                            char*
[11.170s] /home/lrs-ubuntu/LRS/ros2_ws_group_10/src/template_drone_control/src/template_drone_control_node.cpp:100:28: warning: format ‘%s’ expects argument of type ‘char*’, but argument 3 has type ‘char (*)[100]’ [-Wformat=]
[11.170s]   100 |             fscanf(pArq, "%s", &line2);
[11.170s]       |                           ~^   ~~~~~~
[11.170s]       |                            |   |
[11.170s]       |                            |   char (*)[100]
[11.171s]       |                            char*
[11.171s] /home/lrs-ubuntu/LRS/ros2_ws_group_10/src/template_drone_control/src/template_drone_control_node.cpp:107:28: warning: format ‘%s’ expects argument of type ‘char*’, but argument 3 has type ‘char (*)[10]’ [-Wformat=]
[11.171s]   107 |             fscanf(pArq, "%s", &line3);
[11.171s]       |                           ~^   ~~~~~~
[11.171s]       |                            |   |
[11.171s]       |                            |   char (*)[10]
[11.171s]       |                            char*
[11.209s] [100%] [32m[1mLinking CXX executable template_drone_control_node[0m
[11.922s] [100%] Built target template_drone_control_node
[11.942s] Invoked command in '/home/lrs-ubuntu/LRS/ros2_ws_group_10/src/template_drone_control/build/template_drone_control' returned '0': CMAKE_PREFIX_PATH=/opt/ros/foxy /usr/bin/cmake --build /home/lrs-ubuntu/LRS/ros2_ws_group_10/src/template_drone_control/build/template_drone_control -- -j8 -l8
[11.989s] Invoking command in '/home/lrs-ubuntu/LRS/ros2_ws_group_10/src/template_drone_control/build/template_drone_control': CMAKE_PREFIX_PATH=/opt/ros/foxy /usr/bin/cmake --install /home/lrs-ubuntu/LRS/ros2_ws_group_10/src/template_drone_control/build/template_drone_control
[11.998s] -- Install configuration: ""
[11.999s] -- Installing: /home/lrs-ubuntu/LRS/ros2_ws_group_10/src/template_drone_control/install/template_drone_control/lib/template_drone_control/template_drone_control_node
[12.001s] -- Set runtime path of "/home/lrs-ubuntu/LRS/ros2_ws_group_10/src/template_drone_control/install/template_drone_control/lib/template_drone_control/template_drone_control_node" to ""
[12.002s] -- Installing: /home/lrs-ubuntu/LRS/ros2_ws_group_10/src/template_drone_control/install/template_drone_control/share/ament_index/resource_index/package_run_dependencies/template_drone_control
[12.002s] -- Installing: /home/lrs-ubuntu/LRS/ros2_ws_group_10/src/template_drone_control/install/template_drone_control/share/ament_index/resource_index/parent_prefix_path/template_drone_control
[12.002s] -- Installing: /home/lrs-ubuntu/LRS/ros2_ws_group_10/src/template_drone_control/install/template_drone_control/share/template_drone_control/environment/ament_prefix_path.sh
[12.002s] -- Installing: /home/lrs-ubuntu/LRS/ros2_ws_group_10/src/template_drone_control/install/template_drone_control/share/template_drone_control/environment/ament_prefix_path.dsv
[12.002s] -- Installing: /home/lrs-ubuntu/LRS/ros2_ws_group_10/src/template_drone_control/install/template_drone_control/share/template_drone_control/environment/path.sh
[12.003s] -- Installing: /home/lrs-ubuntu/LRS/ros2_ws_group_10/src/template_drone_control/install/template_drone_control/share/template_drone_control/environment/path.dsv
[12.003s] -- Installing: /home/lrs-ubuntu/LRS/ros2_ws_group_10/src/template_drone_control/install/template_drone_control/share/template_drone_control/local_setup.bash
[12.003s] -- Installing: /home/lrs-ubuntu/LRS/ros2_ws_group_10/src/template_drone_control/install/template_drone_control/share/template_drone_control/local_setup.sh
[12.003s] -- Installing: /home/lrs-ubuntu/LRS/ros2_ws_group_10/src/template_drone_control/install/template_drone_control/share/template_drone_control/local_setup.zsh
[12.003s] -- Installing: /home/lrs-ubuntu/LRS/ros2_ws_group_10/src/template_drone_control/install/template_drone_control/share/template_drone_control/local_setup.dsv
[12.003s] -- Installing: /home/lrs-ubuntu/LRS/ros2_ws_group_10/src/template_drone_control/install/template_drone_control/share/template_drone_control/package.dsv
[12.004s] -- Installing: /home/lrs-ubuntu/LRS/ros2_ws_group_10/src/template_drone_control/install/template_drone_control/share/ament_index/resource_index/packages/template_drone_control
[12.004s] -- Installing: /home/lrs-ubuntu/LRS/ros2_ws_group_10/src/template_drone_control/install/template_drone_control/share/template_drone_control/cmake/template_drone_controlConfig.cmake
[12.004s] -- Installing: /home/lrs-ubuntu/LRS/ros2_ws_group_10/src/template_drone_control/install/template_drone_control/share/template_drone_control/cmake/template_drone_controlConfig-version.cmake
[12.004s] -- Installing: /home/lrs-ubuntu/LRS/ros2_ws_group_10/src/template_drone_control/install/template_drone_control/share/template_drone_control/package.xml
[12.007s] Invoked command in '/home/lrs-ubuntu/LRS/ros2_ws_group_10/src/template_drone_control/build/template_drone_control' returned '0': CMAKE_PREFIX_PATH=/opt/ros/foxy /usr/bin/cmake --install /home/lrs-ubuntu/LRS/ros2_ws_group_10/src/template_drone_control/build/template_drone_control
