/home/lrs-ubuntu/LRS/ros2_ws_group_10/src/template_drone_control/src/template_drone_control_node.cpp:72:9: warning: multi-line comment [-Wcomment]
   72 |         // TODO: Arm and Take Off\
      |         ^
/home/lrs-ubuntu/LRS/ros2_ws_group_10/src/template_drone_control/src/template_drone_control_node.cpp: In member function ‘void TemplateDroneControl::positionControlLoop()’:
/home/lrs-ubuntu/LRS/ros2_ws_group_10/src/template_drone_control/src/template_drone_control_node.cpp:174:24: warning: unused variable ‘error_x’ [-Wunused-variable]
  174 |                 double error_x = target_position_.pose.position.x - current_local_pos_.pose.position.x;
      |                        ^~~~~~~
/home/lrs-ubuntu/LRS/ros2_ws_group_10/src/template_drone_control/src/template_drone_control_node.cpp:175:24: warning: unused variable ‘error_y’ [-Wunused-variable]
  175 |                 double error_y = target_position_.pose.position.y - current_local_pos_.pose.position.y;
      |                        ^~~~~~~
/home/lrs-ubuntu/LRS/ros2_ws_group_10/src/template_drone_control/src/template_drone_control_node.cpp:176:24: warning: unused variable ‘error_z’ [-Wunused-variable]
  176 |                 double error_z = target_position_.pose.position.z - current_local_pos_.pose.position.z;
      |                        ^~~~~~~
/home/lrs-ubuntu/LRS/ros2_ws_group_10/src/template_drone_control/src/template_drone_control_node.cpp: In member function ‘void TemplateDroneControl::publish(geometry_msgs::msg::PoseStamped)’:
/home/lrs-ubuntu/LRS/ros2_ws_group_10/src/template_drone_control/src/template_drone_control_node.cpp:193:56: warning: unused parameter ‘setpoint_to_send’ [-Wunused-parameter]
  193 |     void publish(const geometry_msgs::msg::PoseStamped setpoint_to_send)
      |                  ~~~~~~~~~~~~~~~~~~~~~~~~~~~~~~~~~~~~~~^~~~~~~~~~~~~~~~
/home/lrs-ubuntu/LRS/ros2_ws_group_10/src/template_drone_control/src/template_drone_control_node.cpp: In member function ‘void TemplateDroneControl::local_pos_cb(geometry_msgs::msg::PoseStamped_<std::allocator<void> >::SharedPtr)’:
/home/lrs-ubuntu/LRS/ros2_ws_group_10/src/template_drone_control/src/template_drone_control_node.cpp:212:42: warning: statement has no effect [-Wunused-value]
  212 |         current_local_pos_.pose.position.x;
      |         ~~~~~~~~~~~~~~~~~~~~~~~~~~~~~~~~~^
/home/lrs-ubuntu/LRS/ros2_ws_group_10/src/template_drone_control/src/template_drone_control_node.cpp:213:42: warning: statement has no effect [-Wunused-value]
  213 |         current_local_pos_.pose.position.y;
      |         ~~~~~~~~~~~~~~~~~~~~~~~~~~~~~~~~~^
/home/lrs-ubuntu/LRS/ros2_ws_group_10/src/template_drone_control/src/template_drone_control_node.cpp:214:42: warning: statement has no effect [-Wunused-value]
  214 |         current_local_pos_.pose.position.z;
      |         ~~~~~~~~~~~~~~~~~~~~~~~~~~~~~~~~~^
