[1.208s] DEBUG:colcon:Command line arguments: ['/usr/bin/colcon', 'build']
[1.208s] DEBUG:colcon:Parsed command line arguments: Namespace(allow_overriding=[], ament_cmake_args=None, base_paths=['.'], build_base='build', catkin_cmake_args=None, catkin_skip_building_tests=False, cmake_args=None, cmake_clean_cache=False, cmake_clean_first=False, cmake_force_configure=False, cmake_target=None, cmake_target_skip_unavailable=False, continue_on_error=False, event_handlers=None, executor='parallel', ignore_user_meta=False, install_base='install', log_base=None, log_level=None, main=<bound method BuildVerb.main of <colcon_core.verb.build.BuildVerb object at 0x7f8027455280>>, merge_install=False, metas=['./colcon.meta'], packages_above=None, packages_above_and_dependencies=None, packages_above_depth=None, packages_end=None, packages_ignore=None, packages_ignore_regex=None, packages_select=None, packages_select_build_failed=False, packages_select_by_dep=None, packages_select_regex=None, packages_select_test_failures=False, packages_skip=None, packages_skip_build_finished=False, packages_skip_by_dep=None, packages_skip_regex=None, packages_skip_test_passed=False, packages_skip_up_to=None, packages_start=None, packages_up_to=None, packages_up_to_regex=None, parallel_workers=8, paths=None, symlink_install=False, test_result_base=None, verb_extension=<colcon_core.verb.build.BuildVerb object at 0x7f8027455280>, verb_name='build', verb_parser=<colcon_defaults.argument_parser.defaults.DefaultArgumentsDecorator object at 0x7f80274557c0>)
[1.327s] Level 1:colcon.colcon_core.package_discovery:discover_packages(colcon_meta) check parameters
[1.328s] Level 1:colcon.colcon_core.package_discovery:discover_packages(recursive) check parameters
[1.328s] Level 1:colcon.colcon_core.package_discovery:discover_packages(ignore) check parameters
[1.328s] Level 1:colcon.colcon_core.package_discovery:discover_packages(path) check parameters
[1.328s] Level 1:colcon.colcon_core.package_discovery:discover_packages(colcon_meta) discover
[1.328s] Level 1:colcon.colcon_core.package_discovery:discover_packages(recursive) discover
[1.328s] INFO:colcon.colcon_core.package_discovery:Crawling recursively for packages in '/home/lrs-ubuntu/LRS/ros2_ws_group_10'
[1.329s] Level 1:colcon.colcon_core.package_identification:_identify(.) by extensions ['ignore', 'ignore_ament_install']
[1.330s] Level 1:colcon.colcon_core.package_identification:_identify(.) by extension 'ignore'
[1.330s] Level 1:colcon.colcon_core.package_identification:_identify(.) by extension 'ignore_ament_install'
[1.330s] Level 1:colcon.colcon_core.package_identification:_identify(.) by extensions ['colcon_pkg']
[1.331s] Level 1:colcon.colcon_core.package_identification:_identify(.) by extension 'colcon_pkg'
[1.331s] Level 1:colcon.colcon_core.package_identification:_identify(.) by extensions ['colcon_meta']
[1.331s] Level 1:colcon.colcon_core.package_identification:_identify(.) by extension 'colcon_meta'
[1.331s] Level 1:colcon.colcon_core.package_identification:_identify(.) by extensions ['ros']
[1.331s] Level 1:colcon.colcon_core.package_identification:_identify(.) by extension 'ros'
[1.435s] Level 1:colcon.colcon_core.package_identification:_identify(.) by extensions ['cmake', 'python']
[1.435s] Level 1:colcon.colcon_core.package_identification:_identify(.) by extension 'cmake'
[1.435s] Level 1:colcon.colcon_core.package_identification:_identify(.) by extension 'python'
[1.435s] Level 1:colcon.colcon_core.package_identification:_identify(.) by extensions ['python_setup_py']
[1.435s] Level 1:colcon.colcon_core.package_identification:_identify(.) by extension 'python_setup_py'
[1.435s] Level 1:colcon.colcon_core.package_identification:_identify(build) by extensions ['ignore', 'ignore_ament_install']
[1.435s] Level 1:colcon.colcon_core.package_identification:_identify(build) by extension 'ignore'
[1.435s] Level 1:colcon.colcon_core.package_identification:_identify(build) ignored
[1.436s] Level 1:colcon.colcon_core.package_identification:_identify(install) by extensions ['ignore', 'ignore_ament_install']
[1.436s] Level 1:colcon.colcon_core.package_identification:_identify(install) by extension 'ignore'
[1.436s] Level 1:colcon.colcon_core.package_identification:_identify(install) ignored
[1.436s] Level 1:colcon.colcon_core.package_identification:_identify(log) by extensions ['ignore', 'ignore_ament_install']
[1.436s] Level 1:colcon.colcon_core.package_identification:_identify(log) by extension 'ignore'
[1.436s] Level 1:colcon.colcon_core.package_identification:_identify(log) ignored
[1.436s] Level 1:colcon.colcon_core.package_identification:_identify(src) by extensions ['ignore', 'ignore_ament_install']
[1.436s] Level 1:colcon.colcon_core.package_identification:_identify(src) by extension 'ignore'
[1.436s] Level 1:colcon.colcon_core.package_identification:_identify(src) by extension 'ignore_ament_install'
[1.436s] Level 1:colcon.colcon_core.package_identification:_identify(src) by extensions ['colcon_pkg']
[1.436s] Level 1:colcon.colcon_core.package_identification:_identify(src) by extension 'colcon_pkg'
[1.437s] Level 1:colcon.colcon_core.package_identification:_identify(src) by extensions ['colcon_meta']
[1.437s] Level 1:colcon.colcon_core.package_identification:_identify(src) by extension 'colcon_meta'
[1.437s] Level 1:colcon.colcon_core.package_identification:_identify(src) by extensions ['ros']
[1.437s] Level 1:colcon.colcon_core.package_identification:_identify(src) by extension 'ros'
[1.437s] Level 1:colcon.colcon_core.package_identification:_identify(src) by extensions ['cmake', 'python']
[1.437s] Level 1:colcon.colcon_core.package_identification:_identify(src) by extension 'cmake'
[1.437s] Level 1:colcon.colcon_core.package_identification:_identify(src) by extension 'python'
[1.438s] Level 1:colcon.colcon_core.package_identification:_identify(src) by extensions ['python_setup_py']
[1.439s] Level 1:colcon.colcon_core.package_identification:_identify(src) by extension 'python_setup_py'
[1.442s] Level 1:colcon.colcon_core.package_identification:_identify(src/build) by extensions ['ignore', 'ignore_ament_install']
[1.444s] Level 1:colcon.colcon_core.package_identification:_identify(src/build) by extension 'ignore'
[1.444s] Level 1:colcon.colcon_core.package_identification:_identify(src/build) ignored
[1.445s] Level 1:colcon.colcon_core.package_identification:_identify(src/install) by extensions ['ignore', 'ignore_ament_install']
[1.445s] Level 1:colcon.colcon_core.package_identification:_identify(src/install) by extension 'ignore'
[1.445s] Level 1:colcon.colcon_core.package_identification:_identify(src/install) ignored
[1.445s] Level 1:colcon.colcon_core.package_identification:_identify(src/log) by extensions ['ignore', 'ignore_ament_install']
[1.446s] Level 1:colcon.colcon_core.package_identification:_identify(src/log) by extension 'ignore'
[1.446s] Level 1:colcon.colcon_core.package_identification:_identify(src/log) ignored
[1.447s] Level 1:colcon.colcon_core.package_identification:_identify(src/template_drone_control) by extensions ['ignore', 'ignore_ament_install']
[1.447s] Level 1:colcon.colcon_core.package_identification:_identify(src/template_drone_control) by extension 'ignore'
[1.448s] Level 1:colcon.colcon_core.package_identification:_identify(src/template_drone_control) by extension 'ignore_ament_install'
[1.449s] Level 1:colcon.colcon_core.package_identification:_identify(src/template_drone_control) by extensions ['colcon_pkg']
[1.449s] Level 1:colcon.colcon_core.package_identification:_identify(src/template_drone_control) by extension 'colcon_pkg'
[1.449s] Level 1:colcon.colcon_core.package_identification:_identify(src/template_drone_control) by extensions ['colcon_meta']
[1.449s] Level 1:colcon.colcon_core.package_identification:_identify(src/template_drone_control) by extension 'colcon_meta'
[1.449s] Level 1:colcon.colcon_core.package_identification:_identify(src/template_drone_control) by extensions ['ros']
[1.449s] Level 1:colcon.colcon_core.package_identification:_identify(src/template_drone_control) by extension 'ros'
[1.456s] DEBUG:colcon.colcon_core.package_identification:Package 'src/template_drone_control' with type 'ros.ament_cmake' and name 'template_drone_control'
[1.457s] Level 1:colcon.colcon_core.package_identification:_identify(tutorial) by extensions ['ignore', 'ignore_ament_install']
[1.457s] Level 1:colcon.colcon_core.package_identification:_identify(tutorial) by extension 'ignore'
[1.458s] Level 1:colcon.colcon_core.package_identification:_identify(tutorial) by extension 'ignore_ament_install'
[1.459s] Level 1:colcon.colcon_core.package_identification:_identify(tutorial) by extensions ['colcon_pkg']
[1.460s] Level 1:colcon.colcon_core.package_identification:_identify(tutorial) by extension 'colcon_pkg'
[1.461s] Level 1:colcon.colcon_core.package_identification:_identify(tutorial) by extensions ['colcon_meta']
[1.462s] Level 1:colcon.colcon_core.package_identification:_identify(tutorial) by extension 'colcon_meta'
[1.464s] Level 1:colcon.colcon_core.package_identification:_identify(tutorial) by extensions ['ros']
[1.464s] Level 1:colcon.colcon_core.package_identification:_identify(tutorial) by extension 'ros'
[1.465s] Level 1:colcon.colcon_core.package_identification:_identify(tutorial) by extensions ['cmake', 'python']
[1.465s] Level 1:colcon.colcon_core.package_identification:_identify(tutorial) by extension 'cmake'
[1.465s] Level 1:colcon.colcon_core.package_identification:_identify(tutorial) by extension 'python'
[1.465s] Level 1:colcon.colcon_core.package_identification:_identify(tutorial) by extensions ['python_setup_py']
[1.465s] Level 1:colcon.colcon_core.package_identification:_identify(tutorial) by extension 'python_setup_py'
[1.465s] Level 1:colcon.colcon_core.package_identification:_identify(tutorial/bfs_ff) by extensions ['ignore', 'ignore_ament_install']
[1.465s] Level 1:colcon.colcon_core.package_identification:_identify(tutorial/bfs_ff) by extension 'ignore'
[1.465s] Level 1:colcon.colcon_core.package_identification:_identify(tutorial/bfs_ff) by extension 'ignore_ament_install'
[1.466s] Level 1:colcon.colcon_core.package_identification:_identify(tutorial/bfs_ff) by extensions ['colcon_pkg']
[1.466s] Level 1:colcon.colcon_core.package_identification:_identify(tutorial/bfs_ff) by extension 'colcon_pkg'
[1.466s] Level 1:colcon.colcon_core.package_identification:_identify(tutorial/bfs_ff) by extensions ['colcon_meta']
[1.466s] Level 1:colcon.colcon_core.package_identification:_identify(tutorial/bfs_ff) by extension 'colcon_meta'
[1.467s] Level 1:colcon.colcon_core.package_identification:_identify(tutorial/bfs_ff) by extensions ['ros']
[1.467s] Level 1:colcon.colcon_core.package_identification:_identify(tutorial/bfs_ff) by extension 'ros'
[1.467s] Level 1:colcon.colcon_core.package_identification:_identify(tutorial/bfs_ff) by extensions ['cmake', 'python']
[1.468s] Level 1:colcon.colcon_core.package_identification:_identify(tutorial/bfs_ff) by extension 'cmake'
[1.468s] Level 1:colcon.colcon_core.package_identification:_identify(tutorial/bfs_ff) by extension 'python'
[1.468s] Level 1:colcon.colcon_core.package_identification:_identify(tutorial/bfs_ff) by extensions ['python_setup_py']
[1.468s] Level 1:colcon.colcon_core.package_identification:_identify(tutorial/bfs_ff) by extension 'python_setup_py'
[1.469s] Level 1:colcon.colcon_core.package_identification:_identify(tutorial/bfs_ff/__pycache__) by extensions ['ignore', 'ignore_ament_install']
[1.469s] Level 1:colcon.colcon_core.package_identification:_identify(tutorial/bfs_ff/__pycache__) by extension 'ignore'
[1.470s] Level 1:colcon.colcon_core.package_identification:_identify(tutorial/bfs_ff/__pycache__) by extension 'ignore_ament_install'
[1.470s] Level 1:colcon.colcon_core.package_identification:_identify(tutorial/bfs_ff/__pycache__) by extensions ['colcon_pkg']
[1.470s] Level 1:colcon.colcon_core.package_identification:_identify(tutorial/bfs_ff/__pycache__) by extension 'colcon_pkg'
[1.470s] Level 1:colcon.colcon_core.package_identification:_identify(tutorial/bfs_ff/__pycache__) by extensions ['colcon_meta']
[1.470s] Level 1:colcon.colcon_core.package_identification:_identify(tutorial/bfs_ff/__pycache__) by extension 'colcon_meta'
[1.471s] Level 1:colcon.colcon_core.package_identification:_identify(tutorial/bfs_ff/__pycache__) by extensions ['ros']
[1.471s] Level 1:colcon.colcon_core.package_identification:_identify(tutorial/bfs_ff/__pycache__) by extension 'ros'
[1.471s] Level 1:colcon.colcon_core.package_identification:_identify(tutorial/bfs_ff/__pycache__) by extensions ['cmake', 'python']
[1.472s] Level 1:colcon.colcon_core.package_identification:_identify(tutorial/bfs_ff/__pycache__) by extension 'cmake'
[1.472s] Level 1:colcon.colcon_core.package_identification:_identify(tutorial/bfs_ff/__pycache__) by extension 'python'
[1.472s] Level 1:colcon.colcon_core.package_identification:_identify(tutorial/bfs_ff/__pycache__) by extensions ['python_setup_py']
[1.472s] Level 1:colcon.colcon_core.package_identification:_identify(tutorial/bfs_ff/__pycache__) by extension 'python_setup_py'
[1.472s] Level 1:colcon.colcon_core.package_discovery:discover_packages(recursive) using defaults
[1.472s] Level 1:colcon.colcon_core.package_discovery:discover_packages(ignore) discover
[1.472s] Level 1:colcon.colcon_core.package_discovery:discover_packages(ignore) using defaults
[1.473s] Level 1:colcon.colcon_core.package_discovery:discover_packages(path) discover
[1.473s] Level 1:colcon.colcon_core.package_discovery:discover_packages(path) using defaults
[1.553s] Level 1:colcon.colcon_core.package_discovery:discover_packages(prefix_path) check parameters
[1.553s] Level 1:colcon.colcon_core.package_discovery:discover_packages(prefix_path) discover
[1.566s] DEBUG:colcon.colcon_installed_package_information.package_discovery:Found 1 installed packages in /home/lrs-ubuntu/LRS/ros2_ws_group_10/install
[1.573s] DEBUG:colcon.colcon_installed_package_information.package_discovery:Found 174 installed packages in /opt/ros/foxy
[1.577s] Level 1:colcon.colcon_core.package_discovery:discover_packages(prefix_path) using defaults
[1.764s] Level 5:colcon.colcon_core.verb:set package 'template_drone_control' build argument 'cmake_args' from command line to 'None'
[1.764s] Level 5:colcon.colcon_core.verb:set package 'template_drone_control' build argument 'cmake_target' from command line to 'None'
[1.764s] Level 5:colcon.colcon_core.verb:set package 'template_drone_control' build argument 'cmake_target_skip_unavailable' from command line to 'False'
[1.764s] Level 5:colcon.colcon_core.verb:set package 'template_drone_control' build argument 'cmake_clean_cache' from command line to 'False'
[1.764s] Level 5:colcon.colcon_core.verb:set package 'template_drone_control' build argument 'cmake_clean_first' from command line to 'False'
[1.764s] Level 5:colcon.colcon_core.verb:set package 'template_drone_control' build argument 'cmake_force_configure' from command line to 'False'
[1.764s] Level 5:colcon.colcon_core.verb:set package 'template_drone_control' build argument 'ament_cmake_args' from command line to 'None'
[1.764s] Level 5:colcon.colcon_core.verb:set package 'template_drone_control' build argument 'catkin_cmake_args' from command line to 'None'
[1.764s] Level 5:colcon.colcon_core.verb:set package 'template_drone_control' build argument 'catkin_skip_building_tests' from command line to 'False'
[1.765s] DEBUG:colcon.colcon_core.verb:Building package 'template_drone_control' with the following arguments: {'ament_cmake_args': None, 'build_base': '/home/lrs-ubuntu/LRS/ros2_ws_group_10/build/template_drone_control', 'catkin_cmake_args': None, 'catkin_skip_building_tests': False, 'cmake_args': None, 'cmake_clean_cache': False, 'cmake_clean_first': False, 'cmake_force_configure': False, 'cmake_target': None, 'cmake_target_skip_unavailable': False, 'install_base': '/home/lrs-ubuntu/LRS/ros2_ws_group_10/install/template_drone_control', 'merge_install': False, 'path': '/home/lrs-ubuntu/LRS/ros2_ws_group_10/src/template_drone_control', 'symlink_install': False, 'test_result_base': None}
[1.765s] INFO:colcon.colcon_core.executor:Executing jobs using 'parallel' executor
[1.782s] DEBUG:colcon.colcon_parallel_executor.executor.parallel:run_until_complete
[1.783s] INFO:colcon.colcon_ros.task.ament_cmake.build:Building ROS package in '/home/lrs-ubuntu/LRS/ros2_ws_group_10/src/template_drone_control' with build type 'ament_cmake'
[1.783s] INFO:colcon.colcon_cmake.task.cmake.build:Building CMake package in '/home/lrs-ubuntu/LRS/ros2_ws_group_10/src/template_drone_control'
[1.805s] INFO:colcon.colcon_core.plugin_system:Skipping extension 'colcon_core.shell.bat': Not used on non-Windows systems
[1.806s] INFO:colcon.colcon_core.shell:Skip shell extension 'powershell' for command environment: Not usable outside of PowerShell
[1.806s] DEBUG:colcon.colcon_core.shell:Skip shell extension 'dsv' for command environment
[1.877s] DEBUG:colcon.colcon_core.event_handler.log_command:Invoking command in '/home/lrs-ubuntu/LRS/ros2_ws_group_10/build/template_drone_control': CMAKE_PREFIX_PATH=${CMAKE_PREFIX_PATH}:/opt/ros/foxy /usr/bin/cmake --build /home/lrs-ubuntu/LRS/ros2_ws_group_10/build/template_drone_control -- -j8 -l8
[2.142s] DEBUG:colcon.colcon_core.event_handler.log_command:Invoked command in '/home/lrs-ubuntu/LRS/ros2_ws_group_10/build/template_drone_control' returned '0': CMAKE_PREFIX_PATH=${CMAKE_PREFIX_PATH}:/opt/ros/foxy /usr/bin/cmake --build /home/lrs-ubuntu/LRS/ros2_ws_group_10/build/template_drone_control -- -j8 -l8
[2.294s] DEBUG:colcon.colcon_core.event_handler.log_command:Invoking command in '/home/lrs-ubuntu/LRS/ros2_ws_group_10/build/template_drone_control': CMAKE_PREFIX_PATH=${CMAKE_PREFIX_PATH}:/opt/ros/foxy /usr/bin/cmake --install /home/lrs-ubuntu/LRS/ros2_ws_group_10/build/template_drone_control
[2.336s] Level 1:colcon.colcon_core.environment:create_environment_scripts_only(template_drone_control)
[2.340s] DEBUG:colcon.colcon_core.event_handler.log_command:Invoked command in '/home/lrs-ubuntu/LRS/ros2_ws_group_10/build/template_drone_control' returned '0': CMAKE_PREFIX_PATH=${CMAKE_PREFIX_PATH}:/opt/ros/foxy /usr/bin/cmake --install /home/lrs-ubuntu/LRS/ros2_ws_group_10/build/template_drone_control
[2.362s] Level 1:colcon.colcon_core.environment:checking '/home/lrs-ubuntu/LRS/ros2_ws_group_10/install/template_drone_control' for CMake module files
[2.363s] Level 1:colcon.colcon_core.environment:checking '/home/lrs-ubuntu/LRS/ros2_ws_group_10/install/template_drone_control' for CMake config files
[2.363s] Level 1:colcon.colcon_core.shell:create_environment_hook('template_drone_control', 'cmake_prefix_path')
[2.374s] INFO:colcon.colcon_core.shell:Creating environment hook '/home/lrs-ubuntu/LRS/ros2_ws_group_10/install/template_drone_control/share/template_drone_control/hook/cmake_prefix_path.ps1'
[2.377s] INFO:colcon.colcon_core.shell:Creating environment descriptor '/home/lrs-ubuntu/LRS/ros2_ws_group_10/install/template_drone_control/share/template_drone_control/hook/cmake_prefix_path.dsv'
[2.400s] INFO:colcon.colcon_core.shell:Creating environment hook '/home/lrs-ubuntu/LRS/ros2_ws_group_10/install/template_drone_control/share/template_drone_control/hook/cmake_prefix_path.sh'
[2.408s] Level 1:colcon.colcon_core.environment:checking '/home/lrs-ubuntu/LRS/ros2_ws_group_10/install/template_drone_control/lib'
[2.410s] Level 1:colcon.colcon_core.environment:checking '/home/lrs-ubuntu/LRS/ros2_ws_group_10/install/template_drone_control/bin'
[2.410s] Level 1:colcon.colcon_core.environment:checking '/home/lrs-ubuntu/LRS/ros2_ws_group_10/install/template_drone_control/lib/pkgconfig/template_drone_control.pc'
[2.411s] Level 1:colcon.colcon_core.environment:checking '/home/lrs-ubuntu/LRS/ros2_ws_group_10/install/template_drone_control/lib/python3.8/site-packages'
[2.412s] Level 1:colcon.colcon_core.environment:checking '/home/lrs-ubuntu/LRS/ros2_ws_group_10/install/template_drone_control/bin'
[2.417s] INFO:colcon.colcon_core.shell:Creating package script '/home/lrs-ubuntu/LRS/ros2_ws_group_10/install/template_drone_control/share/template_drone_control/package.ps1'
[2.419s] INFO:colcon.colcon_core.shell:Creating package descriptor '/home/lrs-ubuntu/LRS/ros2_ws_group_10/install/template_drone_control/share/template_drone_control/package.dsv'
[2.455s] INFO:colcon.colcon_core.shell:Creating package script '/home/lrs-ubuntu/LRS/ros2_ws_group_10/install/template_drone_control/share/template_drone_control/package.sh'
[2.457s] INFO:colcon.colcon_core.shell:Creating package script '/home/lrs-ubuntu/LRS/ros2_ws_group_10/install/template_drone_control/share/template_drone_control/package.bash'
[2.461s] INFO:colcon.colcon_core.shell:Creating package script '/home/lrs-ubuntu/LRS/ros2_ws_group_10/install/template_drone_control/share/template_drone_control/package.zsh'
[2.468s] Level 1:colcon.colcon_core.environment:create_file_with_runtime_dependencies(/home/lrs-ubuntu/LRS/ros2_ws_group_10/install/template_drone_control/share/colcon-core/packages/template_drone_control)
[2.566s] Level 1:colcon.colcon_core.environment:create_environment_scripts_only(template_drone_control)
[2.578s] Level 1:colcon.colcon_core.environment:checking '/home/lrs-ubuntu/LRS/ros2_ws_group_10/install/template_drone_control' for CMake module files
[2.580s] Level 1:colcon.colcon_core.environment:checking '/home/lrs-ubuntu/LRS/ros2_ws_group_10/install/template_drone_control' for CMake config files
[2.581s] Level 1:colcon.colcon_core.shell:create_environment_hook('template_drone_control', 'cmake_prefix_path')
[2.584s] INFO:colcon.colcon_core.shell:Creating environment hook '/home/lrs-ubuntu/LRS/ros2_ws_group_10/install/template_drone_control/share/template_drone_control/hook/cmake_prefix_path.ps1'
[2.586s] INFO:colcon.colcon_core.shell:Creating environment descriptor '/home/lrs-ubuntu/LRS/ros2_ws_group_10/install/template_drone_control/share/template_drone_control/hook/cmake_prefix_path.dsv'
[2.620s] INFO:colcon.colcon_core.shell:Creating environment hook '/home/lrs-ubuntu/LRS/ros2_ws_group_10/install/template_drone_control/share/template_drone_control/hook/cmake_prefix_path.sh'
[2.625s] Level 1:colcon.colcon_core.environment:checking '/home/lrs-ubuntu/LRS/ros2_ws_group_10/install/template_drone_control/lib'
[2.625s] Level 1:colcon.colcon_core.environment:checking '/home/lrs-ubuntu/LRS/ros2_ws_group_10/install/template_drone_control/bin'
[2.625s] Level 1:colcon.colcon_core.environment:checking '/home/lrs-ubuntu/LRS/ros2_ws_group_10/install/template_drone_control/lib/pkgconfig/template_drone_control.pc'
[2.626s] Level 1:colcon.colcon_core.environment:checking '/home/lrs-ubuntu/LRS/ros2_ws_group_10/install/template_drone_control/lib/python3.8/site-packages'
[2.626s] Level 1:colcon.colcon_core.environment:checking '/home/lrs-ubuntu/LRS/ros2_ws_group_10/install/template_drone_control/bin'
[2.630s] INFO:colcon.colcon_core.shell:Creating package script '/home/lrs-ubuntu/LRS/ros2_ws_group_10/install/template_drone_control/share/template_drone_control/package.ps1'
[2.637s] INFO:colcon.colcon_core.shell:Creating package descriptor '/home/lrs-ubuntu/LRS/ros2_ws_group_10/install/template_drone_control/share/template_drone_control/package.dsv'
[2.671s] INFO:colcon.colcon_core.shell:Creating package script '/home/lrs-ubuntu/LRS/ros2_ws_group_10/install/template_drone_control/share/template_drone_control/package.sh'
[2.672s] INFO:colcon.colcon_core.shell:Creating package script '/home/lrs-ubuntu/LRS/ros2_ws_group_10/install/template_drone_control/share/template_drone_control/package.bash'
[2.677s] INFO:colcon.colcon_core.shell:Creating package script '/home/lrs-ubuntu/LRS/ros2_ws_group_10/install/template_drone_control/share/template_drone_control/package.zsh'
[2.681s] Level 1:colcon.colcon_core.environment:create_file_with_runtime_dependencies(/home/lrs-ubuntu/LRS/ros2_ws_group_10/install/template_drone_control/share/colcon-core/packages/template_drone_control)
[2.683s] DEBUG:colcon.colcon_parallel_executor.executor.parallel:closing loop
[2.685s] DEBUG:colcon.colcon_parallel_executor.executor.parallel:loop closed
[2.686s] DEBUG:colcon.colcon_parallel_executor.executor.parallel:run_until_complete finished with '0'
[2.687s] DEBUG:colcon.colcon_core.event_reactor:joining thread
[2.712s] INFO:colcon.colcon_core.plugin_system:Skipping extension 'colcon_notification.desktop_notification.terminal_notifier': Not used on non-Darwin systems
[2.712s] INFO:colcon.colcon_core.plugin_system:Skipping extension 'colcon_notification.desktop_notification.win32': Not used on non-Windows systems
[2.712s] INFO:colcon.colcon_notification.desktop_notification:Sending desktop notification using 'notify2'
[2.777s] DEBUG:colcon.colcon_core.event_reactor:joined thread
[2.782s] INFO:colcon.colcon_core.shell:Creating prefix script '/home/lrs-ubuntu/LRS/ros2_ws_group_10/install/local_setup.ps1'
[2.784s] INFO:colcon.colcon_core.shell:Creating prefix util module '/home/lrs-ubuntu/LRS/ros2_ws_group_10/install/_local_setup_util_ps1.py'
[2.808s] INFO:colcon.colcon_core.shell:Creating prefix chain script '/home/lrs-ubuntu/LRS/ros2_ws_group_10/install/setup.ps1'
[2.817s] INFO:colcon.colcon_core.shell:Creating prefix script '/home/lrs-ubuntu/LRS/ros2_ws_group_10/install/local_setup.sh'
[2.854s] INFO:colcon.colcon_core.shell:Creating prefix util module '/home/lrs-ubuntu/LRS/ros2_ws_group_10/install/_local_setup_util_sh.py'
[2.857s] INFO:colcon.colcon_core.shell:Creating prefix chain script '/home/lrs-ubuntu/LRS/ros2_ws_group_10/install/setup.sh'
[2.859s] INFO:colcon.colcon_core.shell:Creating prefix script '/home/lrs-ubuntu/LRS/ros2_ws_group_10/install/local_setup.bash'
[2.860s] INFO:colcon.colcon_core.shell:Creating prefix chain script '/home/lrs-ubuntu/LRS/ros2_ws_group_10/install/setup.bash'
[2.862s] INFO:colcon.colcon_core.shell:Creating prefix script '/home/lrs-ubuntu/LRS/ros2_ws_group_10/install/local_setup.zsh'
[2.863s] INFO:colcon.colcon_core.shell:Creating prefix chain script '/home/lrs-ubuntu/LRS/ros2_ws_group_10/install/setup.zsh'
